2019-03-21 19:05:47,909 [main] INFO  [o.s.c.c.client.ConfigServicePropertySourceLocator] ConfigServicePropertySourceLocator.java:205 - Fetching config from server at : http://localhost:8888
2019-03-21 19:05:48,897 [main] INFO  [o.s.c.c.client.ConfigServicePropertySourceLocator] ConfigServicePropertySourceLocator.java:149 - Located environment: name=angel-gateway, profiles=[default], label=null, version=null, state=null
2019-03-21 19:05:48,898 [main] INFO  [o.s.c.b.c.PropertySourceBootstrapConfiguration] PropertySourceBootstrapConfiguration.java:98 - Located property source: CompositePropertySource {name='configService', propertySources=[]}
2019-03-21 19:05:48,994 [main] INFO  [c.u.j.c.EnableEncryptablePropertiesConfiguration] EnableEncryptablePropertiesConfiguration.java:69 - Bootstraping jasypt-string-boot auto configuration in context: application-1
2019-03-21 19:05:48,996 [main] INFO  [com.pingan.angel.gateway.AngelGatewayApplication] SpringApplication.java:654 - No active profile set, falling back to default profiles: default
2019-03-21 19:05:49,018 [main] INFO  [o.s.b.w.r.c.AnnotationConfigReactiveWebServerApplicationContext] AbstractApplicationContext.java:588 - Refreshing org.springframework.boot.web.reactive.context.AnnotationConfigReactiveWebServerApplicationContext@655f7ea: startup date [Thu Mar 21 19:05:49 CST 2019]; parent: org.springframework.context.annotation.AnnotationConfigApplicationContext@5c671d7f
2019-03-21 19:05:50,094 [main] INFO  [o.s.b.factory.support.DefaultListableBeanFactory] DefaultListableBeanFactory.java:821 - Overriding bean definition for bean 'redisTemplate' with a different definition: replacing [Root bean: class [null]; scope=; abstract=false; lazyInit=false; autowireMode=3; dependencyCheck=0; autowireCandidate=true; primary=false; factoryBeanName=org.springframework.boot.autoconfigure.data.redis.RedisAutoConfiguration; factoryMethodName=redisTemplate; initMethodName=null; destroyMethodName=(inferred); defined in class path resource [org/springframework/boot/autoconfigure/data/redis/RedisAutoConfiguration.class]] with [Root bean: class [null]; scope=; abstract=false; lazyInit=false; autowireMode=3; dependencyCheck=0; autowireCandidate=true; primary=false; factoryBeanName=com.pingan.angel.common.core.config.RedisConfig; factoryMethodName=redisTemplate; initMethodName=null; destroyMethodName=(inferred); defined in class path resource [com/pingan/angel/common/core/config/RedisConfig.class]]
2019-03-21 19:05:50,468 [main] INFO  [o.s.d.r.config.RepositoryConfigurationDelegate] RepositoryConfigurationDelegate.java:172 - Multiple Spring Data modules found, entering strict repository configuration mode!
2019-03-21 19:05:51,115 [main] INFO  [o.springframework.cloud.context.scope.GenericScope] GenericScope.java:294 - BeanFactory id=6d6d5678-fb4e-3193-9e8c-87e61a97df0c
2019-03-21 19:05:51,130 [main] INFO  [c.u.j.c.EnableEncryptablePropertiesBeanFactoryPostProcessor] EnableEncryptablePropertiesBeanFactoryPostProcessor.java:50 - Post-processing PropertySource instances
2019-03-21 19:05:51,200 [main] INFO  [c.u.j.EncryptablePropertySourceConverter] EncryptablePropertySourceConverter.java:38 - Converting PropertySource bootstrapProperties [org.springframework.core.env.CompositePropertySource] to EncryptableEnumerablePropertySourceWrapper
2019-03-21 19:05:51,202 [main] INFO  [c.u.j.EncryptablePropertySourceConverter] EncryptablePropertySourceConverter.java:38 - Converting PropertySource configurationProperties [org.springframework.boot.context.properties.source.ConfigurationPropertySourcesPropertySource] to AOP Proxy
2019-03-21 19:05:51,202 [main] INFO  [c.u.j.EncryptablePropertySourceConverter] EncryptablePropertySourceConverter.java:38 - Converting PropertySource systemProperties [org.springframework.core.env.MapPropertySource] to EncryptableMapPropertySourceWrapper
2019-03-21 19:05:51,203 [main] INFO  [c.u.j.EncryptablePropertySourceConverter] EncryptablePropertySourceConverter.java:38 - Converting PropertySource systemEnvironment [org.springframework.boot.env.SystemEnvironmentPropertySourceEnvironmentPostProcessor$OriginAwareSystemEnvironmentPropertySource] to EncryptableMapPropertySourceWrapper
2019-03-21 19:05:51,203 [main] INFO  [c.u.j.EncryptablePropertySourceConverter] EncryptablePropertySourceConverter.java:38 - Converting PropertySource random [org.springframework.boot.env.RandomValuePropertySource] to EncryptablePropertySourceWrapper
2019-03-21 19:05:51,203 [main] INFO  [c.u.j.EncryptablePropertySourceConverter] EncryptablePropertySourceConverter.java:38 - Converting PropertySource applicationConfig: [classpath:/application.yml] [org.springframework.boot.env.OriginTrackedMapPropertySource] to EncryptableMapPropertySourceWrapper
2019-03-21 19:05:51,203 [main] INFO  [c.u.j.EncryptablePropertySourceConverter] EncryptablePropertySourceConverter.java:38 - Converting PropertySource springCloudClientHostInfo [org.springframework.core.env.MapPropertySource] to EncryptableMapPropertySourceWrapper
2019-03-21 19:05:51,204 [main] INFO  [c.u.j.EncryptablePropertySourceConverter] EncryptablePropertySourceConverter.java:38 - Converting PropertySource defaultProperties [org.springframework.core.env.MapPropertySource] to EncryptableMapPropertySourceWrapper
2019-03-21 19:05:51,213 [main] INFO  [o.s.b.f.a.AutowiredAnnotationBeanPostProcessor] AutowiredAnnotationBeanPostProcessor.java:153 - JSR-330 'javax.inject.Inject' annotation found and supported for autowiring
2019-03-21 19:05:51,271 [main] INFO  [c.u.j.filter.DefaultLazyPropertyFilter] DefaultLazyPropertyFilter.java:31 - Property Filter custom Bean not found with name 'encryptablePropertyFilter'. Initializing Default Property Filter
2019-03-21 19:05:51,769 [main] INFO  [o.s.c.s.PostProcessorRegistrationDelegate$BeanPostProcessorChecker] PostProcessorRegistrationDelegate.java:326 - Bean 'org.springframework.cloud.autoconfigure.ConfigurationPropertiesRebinderAutoConfiguration' of type [org.springframework.cloud.autoconfigure.ConfigurationPropertiesRebinderAutoConfiguration$$EnhancerBySpringCGLIB$$b6a7bcf3] is not eligible for getting processed by all BeanPostProcessors (for example: not eligible for auto-proxying)
2019-03-21 19:05:51,989 [main] INFO  [c.u.j.resolver.DefaultLazyPropertyResolver] DefaultLazyPropertyResolver.java:31 - Property Resolver custom Bean not found with name 'encryptablePropertyResolver'. Initializing Default Property Resolver
2019-03-21 19:05:51,992 [main] INFO  [c.u.j.detector.DefaultLazyPropertyDetector] DefaultLazyPropertyDetector.java:30 - Property Detector custom Bean not found with name 'encryptablePropertyDetector'. Initializing Default Property Detector
2019-03-21 19:05:52,488 [main] WARN  [com.netflix.config.sources.URLConfigurationSource] URLConfigurationSource.java:121 - No URLs will be polled as dynamic configuration sources.
2019-03-21 19:05:52,489 [main] INFO  [com.netflix.config.sources.URLConfigurationSource] URLConfigurationSource.java:122 - To enable URLs as dynamic configuration sources, define System property archaius.configurationSource.additionalUrls or make config.properties available on classpath.
2019-03-21 19:05:52,496 [main] WARN  [com.netflix.config.sources.URLConfigurationSource] URLConfigurationSource.java:121 - No URLs will be polled as dynamic configuration sources.
2019-03-21 19:05:52,497 [main] INFO  [com.netflix.config.sources.URLConfigurationSource] URLConfigurationSource.java:122 - To enable URLs as dynamic configuration sources, define System property archaius.configurationSource.additionalUrls or make config.properties available on classpath.
2019-03-21 19:05:52,815 [main] INFO  [o.s.w.r.f.server.support.RouterFunctionMapping] RouterFunctionMapping.java:115 - Mapped (/fallback && Accept: [text/plain]) -> com.pingan.angel.gateway.handler.HystrixFallbackHandler@7c70aae1
((GET && /code) && Accept: [text/plain]) -> com.pingan.angel.gateway.handler.ImageCodeHandler@48cd319d
2019-03-21 19:05:52,839 [main] INFO  [o.s.web.reactive.handler.SimpleUrlHandlerMapping] AbstractUrlHandlerMapping.java:211 - Mapped URL path [/webjars/**] onto handler of type [class org.springframework.web.reactive.resource.ResourceWebHandler]
2019-03-21 19:05:52,840 [main] INFO  [o.s.web.reactive.handler.SimpleUrlHandlerMapping] AbstractUrlHandlerMapping.java:211 - Mapped URL path [/**] onto handler of type [class org.springframework.web.reactive.resource.ResourceWebHandler]
2019-03-21 19:05:53,959 [main] INFO  [o.s.c.gateway.route.RouteDefinitionRouteLocator] RouteDefinitionRouteLocator.java:102 - Loaded RoutePredicateFactory [After]
2019-03-21 19:05:53,960 [main] INFO  [o.s.c.gateway.route.RouteDefinitionRouteLocator] RouteDefinitionRouteLocator.java:102 - Loaded RoutePredicateFactory [Before]
2019-03-21 19:05:53,960 [main] INFO  [o.s.c.gateway.route.RouteDefinitionRouteLocator] RouteDefinitionRouteLocator.java:102 - Loaded RoutePredicateFactory [Between]
2019-03-21 19:05:53,960 [main] INFO  [o.s.c.gateway.route.RouteDefinitionRouteLocator] RouteDefinitionRouteLocator.java:102 - Loaded RoutePredicateFactory [Cookie]
2019-03-21 19:05:53,961 [main] INFO  [o.s.c.gateway.route.RouteDefinitionRouteLocator] RouteDefinitionRouteLocator.java:102 - Loaded RoutePredicateFactory [Header]
2019-03-21 19:05:53,961 [main] INFO  [o.s.c.gateway.route.RouteDefinitionRouteLocator] RouteDefinitionRouteLocator.java:102 - Loaded RoutePredicateFactory [Host]
2019-03-21 19:05:53,962 [main] INFO  [o.s.c.gateway.route.RouteDefinitionRouteLocator] RouteDefinitionRouteLocator.java:102 - Loaded RoutePredicateFactory [Method]
2019-03-21 19:05:53,962 [main] INFO  [o.s.c.gateway.route.RouteDefinitionRouteLocator] RouteDefinitionRouteLocator.java:102 - Loaded RoutePredicateFactory [Path]
2019-03-21 19:05:53,962 [main] INFO  [o.s.c.gateway.route.RouteDefinitionRouteLocator] RouteDefinitionRouteLocator.java:102 - Loaded RoutePredicateFactory [Query]
2019-03-21 19:05:53,962 [main] INFO  [o.s.c.gateway.route.RouteDefinitionRouteLocator] RouteDefinitionRouteLocator.java:102 - Loaded RoutePredicateFactory [ReadBodyPredicateFactory]
2019-03-21 19:05:53,963 [main] INFO  [o.s.c.gateway.route.RouteDefinitionRouteLocator] RouteDefinitionRouteLocator.java:102 - Loaded RoutePredicateFactory [RemoteAddr]
2019-03-21 19:05:53,963 [main] INFO  [o.s.c.gateway.route.RouteDefinitionRouteLocator] RouteDefinitionRouteLocator.java:102 - Loaded RoutePredicateFactory [Weight]
2019-03-21 19:05:53,963 [main] INFO  [o.s.c.gateway.route.RouteDefinitionRouteLocator] RouteDefinitionRouteLocator.java:102 - Loaded RoutePredicateFactory [CloudFoundryRouteService]
2019-03-21 19:05:54,735 [main] INFO  [o.s.b.actuate.endpoint.web.EndpointLinksResolver] EndpointLinksResolver.java:59 - Exposing 20 endpoint(s) beneath base path '/actuator'
2019-03-21 19:05:54,752 [main] INFO  [o.s.b.a.e.w.reactive.WebFluxEndpointHandlerMapping] AbstractHandlerMethodMapping.java:468 - Mapped "{[/actuator/archaius],methods=[GET],produces=[application/vnd.spring-boot.actuator.v2+json || application/json]}" onto public org.reactivestreams.Publisher<org.springframework.http.ResponseEntity<java.lang.Object>> org.springframework.boot.actuate.endpoint.web.reactive.AbstractWebFluxEndpointHandlerMapping$ReadOperationHandler.handle(org.springframework.web.server.ServerWebExchange)
2019-03-21 19:05:54,753 [main] INFO  [o.s.b.a.e.w.reactive.WebFluxEndpointHandlerMapping] AbstractHandlerMethodMapping.java:468 - Mapped "{[/actuator/auditevents],methods=[GET],produces=[application/vnd.spring-boot.actuator.v2+json || application/json]}" onto public org.reactivestreams.Publisher<org.springframework.http.ResponseEntity<java.lang.Object>> org.springframework.boot.actuate.endpoint.web.reactive.AbstractWebFluxEndpointHandlerMapping$ReadOperationHandler.handle(org.springframework.web.server.ServerWebExchange)
2019-03-21 19:05:54,754 [main] INFO  [o.s.b.a.e.w.reactive.WebFluxEndpointHandlerMapping] AbstractHandlerMethodMapping.java:468 - Mapped "{[/actuator/beans],methods=[GET],produces=[application/vnd.spring-boot.actuator.v2+json || application/json]}" onto public org.reactivestreams.Publisher<org.springframework.http.ResponseEntity<java.lang.Object>> org.springframework.boot.actuate.endpoint.web.reactive.AbstractWebFluxEndpointHandlerMapping$ReadOperationHandler.handle(org.springframework.web.server.ServerWebExchange)
2019-03-21 19:05:54,755 [main] INFO  [o.s.b.a.e.w.reactive.WebFluxEndpointHandlerMapping] AbstractHandlerMethodMapping.java:468 - Mapped "{[/actuator/health],methods=[GET],produces=[application/vnd.spring-boot.actuator.v2+json || application/json]}" onto public org.reactivestreams.Publisher<org.springframework.http.ResponseEntity<java.lang.Object>> org.springframework.boot.actuate.endpoint.web.reactive.AbstractWebFluxEndpointHandlerMapping$ReadOperationHandler.handle(org.springframework.web.server.ServerWebExchange)
2019-03-21 19:05:54,756 [main] INFO  [o.s.b.a.e.w.reactive.WebFluxEndpointHandlerMapping] AbstractHandlerMethodMapping.java:468 - Mapped "{[/actuator/conditions],methods=[GET],produces=[application/vnd.spring-boot.actuator.v2+json || application/json]}" onto public org.reactivestreams.Publisher<org.springframework.http.ResponseEntity<java.lang.Object>> org.springframework.boot.actuate.endpoint.web.reactive.AbstractWebFluxEndpointHandlerMapping$ReadOperationHandler.handle(org.springframework.web.server.ServerWebExchange)
2019-03-21 19:05:54,757 [main] INFO  [o.s.b.a.e.w.reactive.WebFluxEndpointHandlerMapping] AbstractHandlerMethodMapping.java:468 - Mapped "{[/actuator/configprops],methods=[GET],produces=[application/vnd.spring-boot.actuator.v2+json || application/json]}" onto public org.reactivestreams.Publisher<org.springframework.http.ResponseEntity<java.lang.Object>> org.springframework.boot.actuate.endpoint.web.reactive.AbstractWebFluxEndpointHandlerMapping$ReadOperationHandler.handle(org.springframework.web.server.ServerWebExchange)
2019-03-21 19:05:54,758 [main] INFO  [o.s.b.a.e.w.reactive.WebFluxEndpointHandlerMapping] AbstractHandlerMethodMapping.java:468 - Mapped "{[/actuator/env],methods=[GET],produces=[application/vnd.spring-boot.actuator.v2+json || application/json]}" onto public org.reactivestreams.Publisher<org.springframework.http.ResponseEntity<java.lang.Object>> org.springframework.boot.actuate.endpoint.web.reactive.AbstractWebFluxEndpointHandlerMapping$ReadOperationHandler.handle(org.springframework.web.server.ServerWebExchange)
2019-03-21 19:05:54,760 [main] INFO  [o.s.b.a.e.w.reactive.WebFluxEndpointHandlerMapping] AbstractHandlerMethodMapping.java:468 - Mapped "{[/actuator/env/{toMatch}],methods=[GET],produces=[application/vnd.spring-boot.actuator.v2+json || application/json]}" onto public org.reactivestreams.Publisher<org.springframework.http.ResponseEntity<java.lang.Object>> org.springframework.boot.actuate.endpoint.web.reactive.AbstractWebFluxEndpointHandlerMapping$ReadOperationHandler.handle(org.springframework.web.server.ServerWebExchange)
2019-03-21 19:05:54,761 [main] INFO  [o.s.b.a.e.w.reactive.WebFluxEndpointHandlerMapping] AbstractHandlerMethodMapping.java:468 - Mapped "{[/actuator/env],methods=[POST],consumes=[application/vnd.spring-boot.actuator.v2+json || application/json],produces=[application/vnd.spring-boot.actuator.v2+json || application/json]}" onto public org.reactivestreams.Publisher<org.springframework.http.ResponseEntity<java.lang.Object>> org.springframework.boot.actuate.endpoint.web.reactive.AbstractWebFluxEndpointHandlerMapping$WriteOperationHandler.handle(org.springframework.web.server.ServerWebExchange,java.util.Map<java.lang.String, java.lang.String>)
2019-03-21 19:05:54,763 [main] INFO  [o.s.b.a.e.w.reactive.WebFluxEndpointHandlerMapping] AbstractHandlerMethodMapping.java:468 - Mapped "{[/actuator/env],methods=[DELETE],produces=[application/vnd.spring-boot.actuator.v2+json || application/json]}" onto public org.reactivestreams.Publisher<org.springframework.http.ResponseEntity<java.lang.Object>> org.springframework.boot.actuate.endpoint.web.reactive.AbstractWebFluxEndpointHandlerMapping$ReadOperationHandler.handle(org.springframework.web.server.ServerWebExchange)
2019-03-21 19:05:54,764 [main] INFO  [o.s.b.a.e.w.reactive.WebFluxEndpointHandlerMapping] AbstractHandlerMethodMapping.java:468 - Mapped "{[/actuator/info],methods=[GET],produces=[application/vnd.spring-boot.actuator.v2+json || application/json]}" onto public org.reactivestreams.Publisher<org.springframework.http.ResponseEntity<java.lang.Object>> org.springframework.boot.actuate.endpoint.web.reactive.AbstractWebFluxEndpointHandlerMapping$ReadOperationHandler.handle(org.springframework.web.server.ServerWebExchange)
2019-03-21 19:05:54,765 [main] INFO  [o.s.b.a.e.w.reactive.WebFluxEndpointHandlerMapping] AbstractHandlerMethodMapping.java:468 - Mapped "{[/actuator/loggers],methods=[GET],produces=[application/vnd.spring-boot.actuator.v2+json || application/json]}" onto public org.reactivestreams.Publisher<org.springframework.http.ResponseEntity<java.lang.Object>> org.springframework.boot.actuate.endpoint.web.reactive.AbstractWebFluxEndpointHandlerMapping$ReadOperationHandler.handle(org.springframework.web.server.ServerWebExchange)
2019-03-21 19:05:54,766 [main] INFO  [o.s.b.a.e.w.reactive.WebFluxEndpointHandlerMapping] AbstractHandlerMethodMapping.java:468 - Mapped "{[/actuator/loggers/{name}],methods=[GET],produces=[application/vnd.spring-boot.actuator.v2+json || application/json]}" onto public org.reactivestreams.Publisher<org.springframework.http.ResponseEntity<java.lang.Object>> org.springframework.boot.actuate.endpoint.web.reactive.AbstractWebFluxEndpointHandlerMapping$ReadOperationHandler.handle(org.springframework.web.server.ServerWebExchange)
2019-03-21 19:05:54,767 [main] INFO  [o.s.b.a.e.w.reactive.WebFluxEndpointHandlerMapping] AbstractHandlerMethodMapping.java:468 - Mapped "{[/actuator/loggers/{name}],methods=[POST],consumes=[application/vnd.spring-boot.actuator.v2+json || application/json]}" onto public org.reactivestreams.Publisher<org.springframework.http.ResponseEntity<java.lang.Object>> org.springframework.boot.actuate.endpoint.web.reactive.AbstractWebFluxEndpointHandlerMapping$WriteOperationHandler.handle(org.springframework.web.server.ServerWebExchange,java.util.Map<java.lang.String, java.lang.String>)
2019-03-21 19:05:54,768 [main] INFO  [o.s.b.a.e.w.reactive.WebFluxEndpointHandlerMapping] AbstractHandlerMethodMapping.java:468 - Mapped "{[/actuator/heapdump],methods=[GET],produces=[application/octet-stream]}" onto public org.reactivestreams.Publisher<org.springframework.http.ResponseEntity<java.lang.Object>> org.springframework.boot.actuate.endpoint.web.reactive.AbstractWebFluxEndpointHandlerMapping$ReadOperationHandler.handle(org.springframework.web.server.ServerWebExchange)
2019-03-21 19:05:54,769 [main] INFO  [o.s.b.a.e.w.reactive.WebFluxEndpointHandlerMapping] AbstractHandlerMethodMapping.java:468 - Mapped "{[/actuator/threaddump],methods=[GET],produces=[application/vnd.spring-boot.actuator.v2+json || application/json]}" onto public org.reactivestreams.Publisher<org.springframework.http.ResponseEntity<java.lang.Object>> org.springframework.boot.actuate.endpoint.web.reactive.AbstractWebFluxEndpointHandlerMapping$ReadOperationHandler.handle(org.springframework.web.server.ServerWebExchange)
2019-03-21 19:05:54,770 [main] INFO  [o.s.b.a.e.w.reactive.WebFluxEndpointHandlerMapping] AbstractHandlerMethodMapping.java:468 - Mapped "{[/actuator/metrics/{requiredMetricName}],methods=[GET],produces=[application/vnd.spring-boot.actuator.v2+json || application/json]}" onto public org.reactivestreams.Publisher<org.springframework.http.ResponseEntity<java.lang.Object>> org.springframework.boot.actuate.endpoint.web.reactive.AbstractWebFluxEndpointHandlerMapping$ReadOperationHandler.handle(org.springframework.web.server.ServerWebExchange)
2019-03-21 19:05:54,771 [main] INFO  [o.s.b.a.e.w.reactive.WebFluxEndpointHandlerMapping] AbstractHandlerMethodMapping.java:468 - Mapped "{[/actuator/metrics],methods=[GET],produces=[application/vnd.spring-boot.actuator.v2+json || application/json]}" onto public org.reactivestreams.Publisher<org.springframework.http.ResponseEntity<java.lang.Object>> org.springframework.boot.actuate.endpoint.web.reactive.AbstractWebFluxEndpointHandlerMapping$ReadOperationHandler.handle(org.springframework.web.server.ServerWebExchange)
2019-03-21 19:05:54,772 [main] INFO  [o.s.b.a.e.w.reactive.WebFluxEndpointHandlerMapping] AbstractHandlerMethodMapping.java:468 - Mapped "{[/actuator/scheduledtasks],methods=[GET],produces=[application/vnd.spring-boot.actuator.v2+json || application/json]}" onto public org.reactivestreams.Publisher<org.springframework.http.ResponseEntity<java.lang.Object>> org.springframework.boot.actuate.endpoint.web.reactive.AbstractWebFluxEndpointHandlerMapping$ReadOperationHandler.handle(org.springframework.web.server.ServerWebExchange)
2019-03-21 19:05:54,774 [main] INFO  [o.s.b.a.e.w.reactive.WebFluxEndpointHandlerMapping] AbstractHandlerMethodMapping.java:468 - Mapped "{[/actuator/httptrace],methods=[GET],produces=[application/vnd.spring-boot.actuator.v2+json || application/json]}" onto public org.reactivestreams.Publisher<org.springframework.http.ResponseEntity<java.lang.Object>> org.springframework.boot.actuate.endpoint.web.reactive.AbstractWebFluxEndpointHandlerMapping$ReadOperationHandler.handle(org.springframework.web.server.ServerWebExchange)
2019-03-21 19:05:54,775 [main] INFO  [o.s.b.a.e.w.reactive.WebFluxEndpointHandlerMapping] AbstractHandlerMethodMapping.java:468 - Mapped "{[/actuator/mappings],methods=[GET],produces=[application/vnd.spring-boot.actuator.v2+json || application/json]}" onto public org.reactivestreams.Publisher<org.springframework.http.ResponseEntity<java.lang.Object>> org.springframework.boot.actuate.endpoint.web.reactive.AbstractWebFluxEndpointHandlerMapping$ReadOperationHandler.handle(org.springframework.web.server.ServerWebExchange)
2019-03-21 19:05:54,776 [main] INFO  [o.s.b.a.e.w.reactive.WebFluxEndpointHandlerMapping] AbstractHandlerMethodMapping.java:468 - Mapped "{[/actuator/refresh],methods=[POST],produces=[application/vnd.spring-boot.actuator.v2+json || application/json]}" onto public org.reactivestreams.Publisher<org.springframework.http.ResponseEntity<java.lang.Object>> org.springframework.boot.actuate.endpoint.web.reactive.AbstractWebFluxEndpointHandlerMapping$WriteOperationHandler.handle(org.springframework.web.server.ServerWebExchange,java.util.Map<java.lang.String, java.lang.String>)
2019-03-21 19:05:54,777 [main] INFO  [o.s.b.a.e.w.reactive.WebFluxEndpointHandlerMapping] AbstractHandlerMethodMapping.java:468 - Mapped "{[/actuator/features],methods=[GET],produces=[application/vnd.spring-boot.actuator.v2+json || application/json]}" onto public org.reactivestreams.Publisher<org.springframework.http.ResponseEntity<java.lang.Object>> org.springframework.boot.actuate.endpoint.web.reactive.AbstractWebFluxEndpointHandlerMapping$ReadOperationHandler.handle(org.springframework.web.server.ServerWebExchange)
2019-03-21 19:05:54,778 [main] INFO  [o.s.b.a.e.w.reactive.WebFluxEndpointHandlerMapping] AbstractHandlerMethodMapping.java:468 - Mapped "{[/actuator/service-registry],methods=[GET],produces=[application/vnd.spring-boot.actuator.v2+json || application/json]}" onto public org.reactivestreams.Publisher<org.springframework.http.ResponseEntity<java.lang.Object>> org.springframework.boot.actuate.endpoint.web.reactive.AbstractWebFluxEndpointHandlerMapping$ReadOperationHandler.handle(org.springframework.web.server.ServerWebExchange)
2019-03-21 19:05:54,779 [main] INFO  [o.s.b.a.e.w.reactive.WebFluxEndpointHandlerMapping] AbstractHandlerMethodMapping.java:468 - Mapped "{[/actuator/service-registry],methods=[POST],consumes=[application/vnd.spring-boot.actuator.v2+json || application/json],produces=[application/vnd.spring-boot.actuator.v2+json || application/json]}" onto public org.reactivestreams.Publisher<org.springframework.http.ResponseEntity<java.lang.Object>> org.springframework.boot.actuate.endpoint.web.reactive.AbstractWebFluxEndpointHandlerMapping$WriteOperationHandler.handle(org.springframework.web.server.ServerWebExchange,java.util.Map<java.lang.String, java.lang.String>)
2019-03-21 19:05:54,781 [main] INFO  [o.s.b.a.e.w.reactive.WebFluxEndpointHandlerMapping] AbstractHandlerMethodMapping.java:468 - Mapped "{[/actuator],methods=[GET],produces=[application/vnd.spring-boot.actuator.v2+json || application/json]}" onto protected java.util.Map<java.lang.String, java.util.Map<java.lang.String, org.springframework.boot.actuate.endpoint.web.Link>> org.springframework.boot.actuate.endpoint.web.reactive.WebFluxEndpointHandlerMapping.links(org.springframework.web.server.ServerWebExchange)
2019-03-21 19:05:54,802 [main] INFO  [o.s.b.a.e.w.r.ControllerEndpointHandlerMapping] AbstractHandlerMethodMapping.java:468 - Mapped "{[/actuator/gateway/routes/{id}],methods=[DELETE]}" onto public reactor.core.publisher.Mono<org.springframework.http.ResponseEntity<java.lang.Object>> org.springframework.cloud.gateway.actuate.GatewayControllerEndpoint.delete(java.lang.String)
2019-03-21 19:05:54,803 [main] INFO  [o.s.b.a.e.w.r.ControllerEndpointHandlerMapping] AbstractHandlerMethodMapping.java:468 - Mapped "{[/actuator/gateway/routes/{id}],methods=[POST]}" onto public reactor.core.publisher.Mono<org.springframework.http.ResponseEntity<java.lang.Void>> org.springframework.cloud.gateway.actuate.GatewayControllerEndpoint.save(java.lang.String,reactor.core.publisher.Mono<org.springframework.cloud.gateway.route.RouteDefinition>)
2019-03-21 19:05:54,804 [main] INFO  [o.s.b.a.e.w.r.ControllerEndpointHandlerMapping] AbstractHandlerMethodMapping.java:468 - Mapped "{[/actuator/gateway/refresh],methods=[POST]}" onto public reactor.core.publisher.Mono<java.lang.Void> org.springframework.cloud.gateway.actuate.GatewayControllerEndpoint.refresh()
2019-03-21 19:05:54,805 [main] INFO  [o.s.b.a.e.w.r.ControllerEndpointHandlerMapping] AbstractHandlerMethodMapping.java:468 - Mapped "{[/actuator/gateway/globalfilters],methods=[GET]}" onto public reactor.core.publisher.Mono<java.util.HashMap<java.lang.String, java.lang.Object>> org.springframework.cloud.gateway.actuate.GatewayControllerEndpoint.globalfilters()
2019-03-21 19:05:54,805 [main] INFO  [o.s.b.a.e.w.r.ControllerEndpointHandlerMapping] AbstractHandlerMethodMapping.java:468 - Mapped "{[/actuator/gateway/routes],methods=[GET]}" onto public reactor.core.publisher.Mono<java.util.List<java.util.Map<java.lang.String, java.lang.Object>>> org.springframework.cloud.gateway.actuate.GatewayControllerEndpoint.routes()
2019-03-21 19:05:54,806 [main] INFO  [o.s.b.a.e.w.r.ControllerEndpointHandlerMapping] AbstractHandlerMethodMapping.java:468 - Mapped "{[/actuator/gateway/routes/{id}],methods=[GET]}" onto public reactor.core.publisher.Mono<org.springframework.http.ResponseEntity<org.springframework.cloud.gateway.route.RouteDefinition>> org.springframework.cloud.gateway.actuate.GatewayControllerEndpoint.route(java.lang.String)
2019-03-21 19:05:54,806 [main] INFO  [o.s.b.a.e.w.r.ControllerEndpointHandlerMapping] AbstractHandlerMethodMapping.java:468 - Mapped "{[/actuator/gateway/routefilters],methods=[GET]}" onto public reactor.core.publisher.Mono<java.util.HashMap<java.lang.String, java.lang.Object>> org.springframework.cloud.gateway.actuate.GatewayControllerEndpoint.routefilers()
2019-03-21 19:05:54,807 [main] INFO  [o.s.b.a.e.w.r.ControllerEndpointHandlerMapping] AbstractHandlerMethodMapping.java:468 - Mapped "{[/actuator/gateway/routes/{id}/combinedfilters],methods=[GET]}" onto public reactor.core.publisher.Mono<java.util.HashMap<java.lang.String, java.lang.Object>> org.springframework.cloud.gateway.actuate.GatewayControllerEndpoint.combinedfilters(java.lang.String)
2019-03-21 19:05:54,808 [main] INFO  [o.s.b.a.e.w.r.ControllerEndpointHandlerMapping] AbstractHandlerMethodMapping.java:468 - Mapped "{[/actuator/hystrix.stream],methods=[GET],produces=[text/event-stream]}" onto public reactor.core.publisher.Flux<java.lang.String> org.springframework.cloud.netflix.hystrix.HystrixWebfluxEndpoint.hystrixStream()
2019-03-21 19:05:54,890 [main] INFO  [o.s.w.r.r.m.annotation.ControllerMethodResolver] ControllerMethodResolver.java:221 - Looking for @ControllerAdvice: org.springframework.boot.web.reactive.context.AnnotationConfigReactiveWebServerApplicationContext@655f7ea: startup date [Thu Mar 21 19:05:49 CST 2019]; parent: org.springframework.context.annotation.AnnotationConfigApplicationContext@5c671d7f
2019-03-21 19:05:54,900 [main] INFO  [o.s.w.r.r.m.annotation.ControllerMethodResolver] ControllerMethodResolver.java:248 - Detected @ExceptionHandler methods in com.pingan.angel.common.core.exception.GlobalExceptionHandler
2019-03-21 19:05:56,041 [main] INFO  [o.s.jmx.export.annotation.AnnotationMBeanExporter] MBeanExporter.java:433 - Registering beans for JMX exposure on startup
2019-03-21 19:05:56,061 [main] INFO  [o.s.jmx.export.annotation.AnnotationMBeanExporter] MBeanExporter.java:895 - Bean with name 'refreshScope' has been autodetected for JMX exposure
2019-03-21 19:05:56,064 [main] INFO  [o.s.jmx.export.annotation.AnnotationMBeanExporter] MBeanExporter.java:895 - Bean with name 'environmentManager' has been autodetected for JMX exposure
2019-03-21 19:05:56,065 [main] INFO  [o.s.jmx.export.annotation.AnnotationMBeanExporter] MBeanExporter.java:895 - Bean with name 'configurationPropertiesRebinder' has been autodetected for JMX exposure
2019-03-21 19:05:56,069 [main] INFO  [o.s.jmx.export.annotation.AnnotationMBeanExporter] MBeanExporter.java:675 - Located managed bean 'environmentManager': registering with JMX server as MBean [org.springframework.cloud.context.environment:name=environmentManager,type=EnvironmentManager]
2019-03-21 19:05:56,080 [main] INFO  [o.s.jmx.export.annotation.AnnotationMBeanExporter] MBeanExporter.java:675 - Located managed bean 'refreshScope': registering with JMX server as MBean [org.springframework.cloud.context.scope.refresh:name=refreshScope,type=RefreshScope]
2019-03-21 19:05:56,093 [main] INFO  [o.s.jmx.export.annotation.AnnotationMBeanExporter] MBeanExporter.java:675 - Located managed bean 'configurationPropertiesRebinder': registering with JMX server as MBean [org.springframework.cloud.context.properties:name=configurationPropertiesRebinder,context=655f7ea,type=ConfigurationPropertiesRebinder]
2019-03-21 19:05:56,114 [main] INFO  [o.s.context.support.DefaultLifecycleProcessor] DefaultLifecycleProcessor.java:356 - Starting beans in phase 0
2019-03-21 19:05:56,133 [main] INFO  [o.s.cloud.netflix.eureka.InstanceInfoFactory] InstanceInfoFactory.java:71 - Setting initial instance status as: STARTING
2019-03-21 19:05:56,192 [main] INFO  [com.netflix.discovery.DiscoveryClient] DiscoveryClient.java:349 - Initializing Eureka in region us-east-1
2019-03-21 19:05:56,294 [main] INFO  [c.n.discovery.provider.DiscoveryJerseyProvider] DiscoveryJerseyProvider.java:70 - Using JSON encoding codec LegacyJacksonJson
2019-03-21 19:05:56,297 [main] INFO  [c.n.discovery.provider.DiscoveryJerseyProvider] DiscoveryJerseyProvider.java:71 - Using JSON decoding codec LegacyJacksonJson
2019-03-21 19:05:56,713 [main] INFO  [c.n.discovery.provider.DiscoveryJerseyProvider] DiscoveryJerseyProvider.java:80 - Using XML encoding codec XStreamXml
2019-03-21 19:05:56,714 [main] INFO  [c.n.discovery.provider.DiscoveryJerseyProvider] DiscoveryJerseyProvider.java:81 - Using XML decoding codec XStreamXml
2019-03-21 19:05:56,929 [main] INFO  [c.n.d.shared.resolver.aws.ConfigClusterResolver] ConfigClusterResolver.java:43 - Resolving eureka endpoints via configuration
2019-03-21 19:05:56,963 [main] INFO  [com.netflix.discovery.DiscoveryClient] DiscoveryClient.java:958 - Disable delta property : false
2019-03-21 19:05:56,963 [main] INFO  [com.netflix.discovery.DiscoveryClient] DiscoveryClient.java:959 - Single vip registry refresh property : null
2019-03-21 19:05:56,964 [main] INFO  [com.netflix.discovery.DiscoveryClient] DiscoveryClient.java:960 - Force full registry fetch : false
2019-03-21 19:05:56,964 [main] INFO  [com.netflix.discovery.DiscoveryClient] DiscoveryClient.java:961 - Application is null : false
2019-03-21 19:05:56,964 [main] INFO  [com.netflix.discovery.DiscoveryClient] DiscoveryClient.java:962 - Registered Applications size is zero : true
2019-03-21 19:05:56,964 [main] INFO  [com.netflix.discovery.DiscoveryClient] DiscoveryClient.java:964 - Application version is -1: true
2019-03-21 19:05:56,965 [main] INFO  [com.netflix.discovery.DiscoveryClient] DiscoveryClient.java:1047 - Getting all instance registry info from the eureka server
2019-03-21 19:05:57,793 [main] INFO  [com.netflix.discovery.DiscoveryClient] DiscoveryClient.java:1056 - The response status is 200
2019-03-21 19:05:57,795 [main] INFO  [com.netflix.discovery.DiscoveryClient] DiscoveryClient.java:1264 - Starting heartbeat executor: renew interval is: 30
2019-03-21 19:05:57,799 [main] INFO  [com.netflix.discovery.InstanceInfoReplicator] InstanceInfoReplicator.java:60 - InstanceInfoReplicator onDemand update allowed rate per min is 4
2019-03-21 19:05:57,803 [main] INFO  [com.netflix.discovery.DiscoveryClient] DiscoveryClient.java:449 - Discovery Client initialized at timestamp 1553166357802 with initial instances count: 0
2019-03-21 19:05:57,812 [main] INFO  [o.s.c.n.e.serviceregistry.EurekaServiceRegistry] EurekaServiceRegistry.java:42 - Registering application angel-gateway with eureka with status UP
2019-03-21 19:05:57,813 [main] INFO  [com.netflix.discovery.DiscoveryClient] DiscoveryClient.java:1299 - Saw local status change event StatusChangeEvent [timestamp=1553166357813, current=UP, previous=STARTING]
2019-03-21 19:05:57,816 [DiscoveryClient-InstanceInfoReplicator-0] INFO  [com.netflix.discovery.DiscoveryClient] DiscoveryClient.java:826 - DiscoveryClient_ANGEL-GATEWAY/192.168.191.186:angel-gateway:8125: registering service...
2019-03-21 19:05:58,023 [DiscoveryClient-InstanceInfoReplicator-0] INFO  [com.netflix.discovery.DiscoveryClient] DiscoveryClient.java:835 - DiscoveryClient_ANGEL-GATEWAY/192.168.191.186:angel-gateway:8125 - registration status: 204
2019-03-21 19:05:58,096 [reactor-http-nio-1] INFO  [reactor.ipc.netty.tcp.BlockingNettyContext] Loggers.java:238 - Started HttpServer on /0:0:0:0:0:0:0:0:8125
2019-03-21 19:05:58,097 [main] INFO  [o.s.boot.web.embedded.netty.NettyWebServer] NettyWebServer.java:83 - Netty started on port(s): 8125
2019-03-21 19:05:58,102 [main] INFO  [o.s.c.n.e.s.EurekaAutoServiceRegistration] EurekaAutoServiceRegistration.java:124 - Updating port to 8125
2019-03-21 19:05:58,106 [main] INFO  [com.pingan.angel.gateway.AngelGatewayApplication] StartupInfoLogger.java:59 - Started AngelGatewayApplication in 11.745 seconds (JVM running for 12.438)
2019-03-21 19:06:27,800 [DiscoveryClient-CacheRefreshExecutor-0] INFO  [com.netflix.discovery.DiscoveryClient] DiscoveryClient.java:958 - Disable delta property : false
2019-03-21 19:06:27,802 [DiscoveryClient-CacheRefreshExecutor-0] INFO  [com.netflix.discovery.DiscoveryClient] DiscoveryClient.java:959 - Single vip registry refresh property : null
2019-03-21 19:06:27,803 [DiscoveryClient-CacheRefreshExecutor-0] INFO  [com.netflix.discovery.DiscoveryClient] DiscoveryClient.java:960 - Force full registry fetch : false
2019-03-21 19:06:27,803 [DiscoveryClient-CacheRefreshExecutor-0] INFO  [com.netflix.discovery.DiscoveryClient] DiscoveryClient.java:961 - Application is null : false
2019-03-21 19:06:27,803 [DiscoveryClient-CacheRefreshExecutor-0] INFO  [com.netflix.discovery.DiscoveryClient] DiscoveryClient.java:962 - Registered Applications size is zero : true
2019-03-21 19:06:27,803 [DiscoveryClient-CacheRefreshExecutor-0] INFO  [com.netflix.discovery.DiscoveryClient] DiscoveryClient.java:964 - Application version is -1: false
2019-03-21 19:06:27,803 [DiscoveryClient-CacheRefreshExecutor-0] INFO  [com.netflix.discovery.DiscoveryClient] DiscoveryClient.java:1047 - Getting all instance registry info from the eureka server
2019-03-21 19:06:27,853 [DiscoveryClient-CacheRefreshExecutor-0] INFO  [com.netflix.discovery.DiscoveryClient] DiscoveryClient.java:1056 - The response status is 200
2019-03-21 19:10:56,975 [AsyncResolver-bootstrap-executor-0] INFO  [c.n.d.shared.resolver.aws.ConfigClusterResolver] ConfigClusterResolver.java:43 - Resolving eureka endpoints via configuration
2019-03-21 19:11:53,299 [reactor-http-nio-2] INFO  [o.s.c.a.AnnotationConfigApplicationContext] AbstractApplicationContext.java:588 - Refreshing SpringClientFactory-angel-auth: startup date [Thu Mar 21 19:11:53 CST 2019]; parent: org.springframework.boot.web.reactive.context.AnnotationConfigReactiveWebServerApplicationContext@655f7ea
2019-03-21 19:11:53,428 [reactor-http-nio-2] INFO  [o.s.b.f.a.AutowiredAnnotationBeanPostProcessor] AutowiredAnnotationBeanPostProcessor.java:153 - JSR-330 'javax.inject.Inject' annotation found and supported for autowiring
2019-03-21 19:11:53,818 [reactor-http-nio-2] INFO  [com.netflix.config.ChainedDynamicProperty] ChainedDynamicProperty.java:115 - Flipping property: angel-auth.ribbon.ActiveConnectionsLimit to use NEXT property: niws.loadbalancer.availabilityFilteringRule.activeConnectionsLimit = 2147483647
2019-03-21 19:11:53,845 [reactor-http-nio-2] INFO  [com.netflix.util.concurrent.ShutdownEnabledTimer] ShutdownEnabledTimer.java:58 - Shutdown hook installed for: NFLoadBalancer-PingTimer-angel-auth
2019-03-21 19:11:53,900 [reactor-http-nio-2] INFO  [com.netflix.loadbalancer.BaseLoadBalancer] BaseLoadBalancer.java:192 - Client: angel-auth instantiated a LoadBalancer: DynamicServerListLoadBalancer:{NFLoadBalancer:name=angel-auth,current list of Servers=[],Load balancer stats=Zone stats: {},Server stats: []}ServerList:null
2019-03-21 19:11:53,914 [reactor-http-nio-2] INFO  [c.n.loadbalancer.DynamicServerListLoadBalancer] DynamicServerListLoadBalancer.java:222 - Using serverListUpdater PollingServerListUpdater
2019-03-21 19:11:53,956 [reactor-http-nio-2] INFO  [com.netflix.config.ChainedDynamicProperty] ChainedDynamicProperty.java:115 - Flipping property: angel-auth.ribbon.ActiveConnectionsLimit to use NEXT property: niws.loadbalancer.availabilityFilteringRule.activeConnectionsLimit = 2147483647
2019-03-21 19:11:53,961 [reactor-http-nio-2] INFO  [c.n.loadbalancer.DynamicServerListLoadBalancer] DynamicServerListLoadBalancer.java:150 - DynamicServerListLoadBalancer for client angel-auth initialized: DynamicServerListLoadBalancer:{NFLoadBalancer:name=angel-auth,current list of Servers=[192.168.191.186:8126],Load balancer stats=Zone stats: {defaultzone=[Zone:defaultzone;	Instance count:1;	Active connections count: 0;	Circuit breaker tripped count: 0;	Active connections per server: 0.0;]
},Server stats: [[Server:192.168.191.186:8126;	Zone:defaultZone;	Total Requests:0;	Successive connection failure:0;	Total blackout seconds:0;	Last connection made:Thu Jan 01 08:00:00 CST 1970;	First connection made: Thu Jan 01 08:00:00 CST 1970;	Active Connections:0;	total failure count in last (1000) msecs:0;	average resp time:0.0;	90 percentile resp time:0.0;	95 percentile resp time:0.0;	min resp time:0.0;	max resp time:0.0;	stddev resp time:0.0]
]}ServerList:org.springframework.cloud.netflix.ribbon.eureka.DomainExtractingServerList@38354f78
2019-03-21 19:11:54,921 [PollingServerListUpdater-0] INFO  [com.netflix.config.ChainedDynamicProperty] ChainedDynamicProperty.java:115 - Flipping property: angel-auth.ribbon.ActiveConnectionsLimit to use NEXT property: niws.loadbalancer.availabilityFilteringRule.activeConnectionsLimit = 2147483647
2019-03-21 19:15:19,582 [Thread-13] INFO  [com.netflix.loadbalancer.PollingServerListUpdater] PollingServerListUpdater.java:53 - Shutting down the Executor Pool for PollingServerListUpdater
2019-03-21 19:15:19,584 [Thread-8] INFO  [o.s.b.w.r.c.AnnotationConfigReactiveWebServerApplicationContext] AbstractApplicationContext.java:991 - Closing org.springframework.boot.web.reactive.context.AnnotationConfigReactiveWebServerApplicationContext@655f7ea: startup date [Thu Mar 21 19:05:49 CST 2019]; parent: org.springframework.context.annotation.AnnotationConfigApplicationContext@5c671d7f
2019-03-21 19:15:19,599 [Thread-8] INFO  [o.s.c.n.e.serviceregistry.EurekaServiceRegistry] EurekaServiceRegistry.java:65 - Unregistering application angel-gateway with eureka with status DOWN
2019-03-21 19:15:19,610 [Thread-8] WARN  [com.netflix.discovery.DiscoveryClient] DiscoveryClient.java:1297 - Saw local status change event StatusChangeEvent [timestamp=1553166919610, current=DOWN, previous=UP]
2019-03-21 19:15:19,613 [DiscoveryClient-InstanceInfoReplicator-0] INFO  [com.netflix.discovery.DiscoveryClient] DiscoveryClient.java:826 - DiscoveryClient_ANGEL-GATEWAY/192.168.191.186:angel-gateway:8125: registering service...
2019-03-21 19:15:19,634 [Thread-8] INFO  [o.s.context.support.DefaultLifecycleProcessor] DefaultLifecycleProcessor.java:369 - Stopping beans in phase 0
2019-03-21 19:15:19,655 [DiscoveryClient-InstanceInfoReplicator-0] INFO  [com.netflix.discovery.DiscoveryClient] DiscoveryClient.java:835 - DiscoveryClient_ANGEL-GATEWAY/192.168.191.186:angel-gateway:8125 - registration status: 204
2019-03-21 19:15:19,662 [Thread-8] INFO  [o.s.jmx.export.annotation.AnnotationMBeanExporter] MBeanExporter.java:451 - Unregistering JMX-exposed beans on shutdown
2019-03-21 19:15:19,666 [Thread-8] INFO  [o.s.jmx.export.annotation.AnnotationMBeanExporter] MBeanRegistrationSupport.java:185 - Unregistering JMX-exposed beans
2019-03-21 19:15:19,680 [Thread-8] INFO  [o.s.c.a.AnnotationConfigApplicationContext] AbstractApplicationContext.java:991 - Closing SpringClientFactory-angel-auth: startup date [Thu Mar 21 19:11:53 CST 2019]; parent: org.springframework.boot.web.reactive.context.AnnotationConfigReactiveWebServerApplicationContext@655f7ea
2019-03-21 19:15:19,698 [Thread-8] WARN  [o.s.c.a.AnnotationConfigApplicationContext] AbstractApplicationContext.java:1001 - Exception thrown from ApplicationListener handling ContextClosedEvent
org.springframework.beans.factory.BeanCreationNotAllowedException: Error creating bean with name 'eurekaAutoServiceRegistration': Singleton bean creation not allowed while singletons of this factory are in destruction (Do not request a bean from a BeanFactory in a destroy method implementation!)
	at org.springframework.beans.factory.support.DefaultSingletonBeanRegistry.getSingleton(DefaultSingletonBeanRegistry.java:208)
	at org.springframework.beans.factory.support.AbstractBeanFactory.doGetBean(AbstractBeanFactory.java:315)
	at org.springframework.beans.factory.support.AbstractBeanFactory.getBean(AbstractBeanFactory.java:199)
	at org.springframework.context.support.AbstractApplicationContext.getBean(AbstractApplicationContext.java:1087)
	at org.springframework.context.event.ApplicationListenerMethodAdapter.getTargetBean(ApplicationListenerMethodAdapter.java:288)
	at org.springframework.context.event.ApplicationListenerMethodAdapter.doInvoke(ApplicationListenerMethodAdapter.java:258)
	at org.springframework.context.event.ApplicationListenerMethodAdapter.processEvent(ApplicationListenerMethodAdapter.java:180)
	at org.springframework.context.event.ApplicationListenerMethodAdapter.onApplicationEvent(ApplicationListenerMethodAdapter.java:142)
	at org.springframework.context.event.SimpleApplicationEventMulticaster.doInvokeListener(SimpleApplicationEventMulticaster.java:172)
	at org.springframework.context.event.SimpleApplicationEventMulticaster.invokeListener(SimpleApplicationEventMulticaster.java:165)
	at org.springframework.context.event.SimpleApplicationEventMulticaster.multicastEvent(SimpleApplicationEventMulticaster.java:139)
	at org.springframework.context.support.AbstractApplicationContext.publishEvent(AbstractApplicationContext.java:400)
	at org.springframework.context.support.AbstractApplicationContext.publishEvent(AbstractApplicationContext.java:406)
	at org.springframework.context.support.AbstractApplicationContext.publishEvent(AbstractApplicationContext.java:354)
	at org.springframework.context.support.AbstractApplicationContext.doClose(AbstractApplicationContext.java:998)
	at org.springframework.context.support.AbstractApplicationContext.close(AbstractApplicationContext.java:965)
	at org.springframework.cloud.context.named.NamedContextFactory.destroy(NamedContextFactory.java:76)
	at org.springframework.beans.factory.support.DisposableBeanAdapter.destroy(DisposableBeanAdapter.java:256)
	at org.springframework.beans.factory.support.DefaultSingletonBeanRegistry.destroyBean(DefaultSingletonBeanRegistry.java:571)
	at org.springframework.beans.factory.support.DefaultSingletonBeanRegistry.destroySingleton(DefaultSingletonBeanRegistry.java:543)
	at org.springframework.beans.factory.support.DefaultListableBeanFactory.destroySingleton(DefaultListableBeanFactory.java:954)
	at org.springframework.beans.factory.support.DefaultSingletonBeanRegistry.destroySingletons(DefaultSingletonBeanRegistry.java:504)
	at org.springframework.beans.factory.support.DefaultListableBeanFactory.destroySingletons(DefaultListableBeanFactory.java:961)
	at org.springframework.context.support.AbstractApplicationContext.destroyBeans(AbstractApplicationContext.java:1039)
	at org.springframework.context.support.AbstractApplicationContext.doClose(AbstractApplicationContext.java:1015)
	at org.springframework.context.support.AbstractApplicationContext$1.run(AbstractApplicationContext.java:935)
2019-03-21 19:15:19,703 [Thread-8] INFO  [com.netflix.util.concurrent.ShutdownEnabledTimer] ShutdownEnabledTimer.java:67 - Shutdown hook removed for: NFLoadBalancer-PingTimer-angel-auth
2019-03-21 19:15:19,705 [Thread-8] INFO  [com.netflix.util.concurrent.ShutdownEnabledTimer] ShutdownEnabledTimer.java:72 - Exception caught (might be ok if at shutdown)
java.lang.IllegalStateException: Shutdown in progress
	at java.lang.ApplicationShutdownHooks.remove(ApplicationShutdownHooks.java:82)
	at java.lang.Runtime.removeShutdownHook(Runtime.java:239)
	at com.netflix.util.concurrent.ShutdownEnabledTimer.cancel(ShutdownEnabledTimer.java:70)
	at com.netflix.loadbalancer.BaseLoadBalancer.cancelPingTask(BaseLoadBalancer.java:613)
	at com.netflix.loadbalancer.BaseLoadBalancer.shutdown(BaseLoadBalancer.java:864)
	at com.netflix.loadbalancer.DynamicServerListLoadBalancer.shutdown(DynamicServerListLoadBalancer.java:285)
	at sun.reflect.NativeMethodAccessorImpl.invoke0(Native Method)
	at sun.reflect.NativeMethodAccessorImpl.invoke(NativeMethodAccessorImpl.java:62)
	at sun.reflect.DelegatingMethodAccessorImpl.invoke(DelegatingMethodAccessorImpl.java:43)
	at java.lang.reflect.Method.invoke(Method.java:498)
	at org.springframework.beans.factory.support.DisposableBeanAdapter.invokeCustomDestroyMethod(DisposableBeanAdapter.java:337)
	at org.springframework.beans.factory.support.DisposableBeanAdapter.destroy(DisposableBeanAdapter.java:271)
	at org.springframework.beans.factory.support.DefaultSingletonBeanRegistry.destroyBean(DefaultSingletonBeanRegistry.java:571)
	at org.springframework.beans.factory.support.DefaultSingletonBeanRegistry.destroySingleton(DefaultSingletonBeanRegistry.java:543)
	at org.springframework.beans.factory.support.DefaultListableBeanFactory.destroySingleton(DefaultListableBeanFactory.java:954)
	at org.springframework.beans.factory.support.DefaultSingletonBeanRegistry.destroySingletons(DefaultSingletonBeanRegistry.java:504)
	at org.springframework.beans.factory.support.DefaultListableBeanFactory.destroySingletons(DefaultListableBeanFactory.java:961)
	at org.springframework.context.support.AbstractApplicationContext.destroyBeans(AbstractApplicationContext.java:1039)
	at org.springframework.context.support.AbstractApplicationContext.doClose(AbstractApplicationContext.java:1015)
	at org.springframework.context.support.AbstractApplicationContext.close(AbstractApplicationContext.java:965)
	at org.springframework.cloud.context.named.NamedContextFactory.destroy(NamedContextFactory.java:76)
	at org.springframework.beans.factory.support.DisposableBeanAdapter.destroy(DisposableBeanAdapter.java:256)
	at org.springframework.beans.factory.support.DefaultSingletonBeanRegistry.destroyBean(DefaultSingletonBeanRegistry.java:571)
	at org.springframework.beans.factory.support.DefaultSingletonBeanRegistry.destroySingleton(DefaultSingletonBeanRegistry.java:543)
	at org.springframework.beans.factory.support.DefaultListableBeanFactory.destroySingleton(DefaultListableBeanFactory.java:954)
	at org.springframework.beans.factory.support.DefaultSingletonBeanRegistry.destroySingletons(DefaultSingletonBeanRegistry.java:504)
	at org.springframework.beans.factory.support.DefaultListableBeanFactory.destroySingletons(DefaultListableBeanFactory.java:961)
	at org.springframework.context.support.AbstractApplicationContext.destroyBeans(AbstractApplicationContext.java:1039)
	at org.springframework.context.support.AbstractApplicationContext.doClose(AbstractApplicationContext.java:1015)
	at org.springframework.context.support.AbstractApplicationContext$1.run(AbstractApplicationContext.java:935)
2019-03-21 19:15:19,814 [Thread-8] INFO  [com.netflix.discovery.DiscoveryClient] DiscoveryClient.java:888 - Shutting down DiscoveryClient ...
2019-03-21 19:15:19,820 [Thread-8] WARN  [o.s.c.annotation.CommonAnnotationBeanPostProcessor] InitDestroyAnnotationBeanPostProcessor.java:164 - Invocation of destroy method failed on bean with name 'scopedTarget.eurekaClient': org.springframework.beans.factory.BeanCreationNotAllowedException: Error creating bean with name 'eurekaInstanceConfigBean': Singleton bean creation not allowed while singletons of this factory are in destruction (Do not request a bean from a BeanFactory in a destroy method implementation!)
2019-03-21 19:15:19,828 [Thread-8] INFO  [reactor.ipc.netty.tcp.BlockingNettyContext] Loggers.java:238 - Stopped HttpServer on /0:0:0:0:0:0:0:0:8125
2019-03-21 19:26:10,188 [main] INFO  [o.s.c.c.client.ConfigServicePropertySourceLocator] ConfigServicePropertySourceLocator.java:205 - Fetching config from server at : http://localhost:8888
2019-03-21 19:26:10,938 [main] INFO  [o.s.c.c.client.ConfigServicePropertySourceLocator] ConfigServicePropertySourceLocator.java:149 - Located environment: name=angel-gateway, profiles=[default], label=null, version=null, state=null
2019-03-21 19:26:10,939 [main] INFO  [o.s.c.b.c.PropertySourceBootstrapConfiguration] PropertySourceBootstrapConfiguration.java:98 - Located property source: CompositePropertySource {name='configService', propertySources=[]}
2019-03-21 19:26:11,010 [main] INFO  [c.u.j.c.EnableEncryptablePropertiesConfiguration] EnableEncryptablePropertiesConfiguration.java:69 - Bootstraping jasypt-string-boot auto configuration in context: application-1
2019-03-21 19:26:11,011 [main] INFO  [com.pingan.angel.gateway.AngelGatewayApplication] SpringApplication.java:654 - No active profile set, falling back to default profiles: default
2019-03-21 19:26:11,033 [main] INFO  [o.s.b.w.r.c.AnnotationConfigReactiveWebServerApplicationContext] AbstractApplicationContext.java:588 - Refreshing org.springframework.boot.web.reactive.context.AnnotationConfigReactiveWebServerApplicationContext@14fc5d40: startup date [Thu Mar 21 19:26:11 CST 2019]; parent: org.springframework.context.annotation.AnnotationConfigApplicationContext@115667d
2019-03-21 19:26:11,885 [main] INFO  [o.s.b.factory.support.DefaultListableBeanFactory] DefaultListableBeanFactory.java:821 - Overriding bean definition for bean 'redisTemplate' with a different definition: replacing [Root bean: class [null]; scope=; abstract=false; lazyInit=false; autowireMode=3; dependencyCheck=0; autowireCandidate=true; primary=false; factoryBeanName=org.springframework.boot.autoconfigure.data.redis.RedisAutoConfiguration; factoryMethodName=redisTemplate; initMethodName=null; destroyMethodName=(inferred); defined in class path resource [org/springframework/boot/autoconfigure/data/redis/RedisAutoConfiguration.class]] with [Root bean: class [null]; scope=; abstract=false; lazyInit=false; autowireMode=3; dependencyCheck=0; autowireCandidate=true; primary=false; factoryBeanName=com.pingan.angel.common.core.config.RedisConfig; factoryMethodName=redisTemplate; initMethodName=null; destroyMethodName=(inferred); defined in class path resource [com/pingan/angel/common/core/config/RedisConfig.class]]
2019-03-21 19:26:12,180 [main] INFO  [o.s.d.r.config.RepositoryConfigurationDelegate] RepositoryConfigurationDelegate.java:172 - Multiple Spring Data modules found, entering strict repository configuration mode!
2019-03-21 19:26:12,813 [main] INFO  [o.springframework.cloud.context.scope.GenericScope] GenericScope.java:294 - BeanFactory id=6d6d5678-fb4e-3193-9e8c-87e61a97df0c
2019-03-21 19:26:12,834 [main] INFO  [c.u.j.c.EnableEncryptablePropertiesBeanFactoryPostProcessor] EnableEncryptablePropertiesBeanFactoryPostProcessor.java:50 - Post-processing PropertySource instances
2019-03-21 19:26:12,895 [main] INFO  [c.u.j.EncryptablePropertySourceConverter] EncryptablePropertySourceConverter.java:38 - Converting PropertySource bootstrapProperties [org.springframework.core.env.CompositePropertySource] to EncryptableEnumerablePropertySourceWrapper
2019-03-21 19:26:12,897 [main] INFO  [c.u.j.EncryptablePropertySourceConverter] EncryptablePropertySourceConverter.java:38 - Converting PropertySource configurationProperties [org.springframework.boot.context.properties.source.ConfigurationPropertySourcesPropertySource] to AOP Proxy
2019-03-21 19:26:12,897 [main] INFO  [c.u.j.EncryptablePropertySourceConverter] EncryptablePropertySourceConverter.java:38 - Converting PropertySource systemProperties [org.springframework.core.env.MapPropertySource] to EncryptableMapPropertySourceWrapper
2019-03-21 19:26:12,898 [main] INFO  [c.u.j.EncryptablePropertySourceConverter] EncryptablePropertySourceConverter.java:38 - Converting PropertySource systemEnvironment [org.springframework.boot.env.SystemEnvironmentPropertySourceEnvironmentPostProcessor$OriginAwareSystemEnvironmentPropertySource] to EncryptableMapPropertySourceWrapper
2019-03-21 19:26:12,898 [main] INFO  [c.u.j.EncryptablePropertySourceConverter] EncryptablePropertySourceConverter.java:38 - Converting PropertySource random [org.springframework.boot.env.RandomValuePropertySource] to EncryptablePropertySourceWrapper
2019-03-21 19:26:12,898 [main] INFO  [c.u.j.EncryptablePropertySourceConverter] EncryptablePropertySourceConverter.java:38 - Converting PropertySource applicationConfig: [classpath:/application.yml] [org.springframework.boot.env.OriginTrackedMapPropertySource] to EncryptableMapPropertySourceWrapper
2019-03-21 19:26:12,898 [main] INFO  [c.u.j.EncryptablePropertySourceConverter] EncryptablePropertySourceConverter.java:38 - Converting PropertySource springCloudClientHostInfo [org.springframework.core.env.MapPropertySource] to EncryptableMapPropertySourceWrapper
2019-03-21 19:26:12,898 [main] INFO  [c.u.j.EncryptablePropertySourceConverter] EncryptablePropertySourceConverter.java:38 - Converting PropertySource defaultProperties [org.springframework.core.env.MapPropertySource] to EncryptableMapPropertySourceWrapper
2019-03-21 19:26:12,906 [main] INFO  [o.s.b.f.a.AutowiredAnnotationBeanPostProcessor] AutowiredAnnotationBeanPostProcessor.java:153 - JSR-330 'javax.inject.Inject' annotation found and supported for autowiring
2019-03-21 19:26:12,943 [main] INFO  [c.u.j.filter.DefaultLazyPropertyFilter] DefaultLazyPropertyFilter.java:31 - Property Filter custom Bean not found with name 'encryptablePropertyFilter'. Initializing Default Property Filter
2019-03-21 19:26:13,466 [main] INFO  [o.s.c.s.PostProcessorRegistrationDelegate$BeanPostProcessorChecker] PostProcessorRegistrationDelegate.java:326 - Bean 'org.springframework.cloud.autoconfigure.ConfigurationPropertiesRebinderAutoConfiguration' of type [org.springframework.cloud.autoconfigure.ConfigurationPropertiesRebinderAutoConfiguration$$EnhancerBySpringCGLIB$$9a1790cc] is not eligible for getting processed by all BeanPostProcessors (for example: not eligible for auto-proxying)
2019-03-21 19:26:13,764 [main] INFO  [c.u.j.resolver.DefaultLazyPropertyResolver] DefaultLazyPropertyResolver.java:31 - Property Resolver custom Bean not found with name 'encryptablePropertyResolver'. Initializing Default Property Resolver
2019-03-21 19:26:13,767 [main] INFO  [c.u.j.detector.DefaultLazyPropertyDetector] DefaultLazyPropertyDetector.java:30 - Property Detector custom Bean not found with name 'encryptablePropertyDetector'. Initializing Default Property Detector
2019-03-21 19:26:14,361 [main] WARN  [com.netflix.config.sources.URLConfigurationSource] URLConfigurationSource.java:121 - No URLs will be polled as dynamic configuration sources.
2019-03-21 19:26:14,362 [main] INFO  [com.netflix.config.sources.URLConfigurationSource] URLConfigurationSource.java:122 - To enable URLs as dynamic configuration sources, define System property archaius.configurationSource.additionalUrls or make config.properties available on classpath.
2019-03-21 19:26:14,369 [main] WARN  [com.netflix.config.sources.URLConfigurationSource] URLConfigurationSource.java:121 - No URLs will be polled as dynamic configuration sources.
2019-03-21 19:26:14,370 [main] INFO  [com.netflix.config.sources.URLConfigurationSource] URLConfigurationSource.java:122 - To enable URLs as dynamic configuration sources, define System property archaius.configurationSource.additionalUrls or make config.properties available on classpath.
2019-03-21 19:26:14,873 [main] INFO  [o.s.w.r.f.server.support.RouterFunctionMapping] RouterFunctionMapping.java:115 - Mapped (/fallback && Accept: [text/plain]) -> com.pingan.angel.gateway.handler.HystrixFallbackHandler@1b4ba615
((GET && /code) && Accept: [text/plain]) -> com.pingan.angel.gateway.handler.ImageCodeHandler@4407b042
2019-03-21 19:26:14,906 [main] INFO  [o.s.web.reactive.handler.SimpleUrlHandlerMapping] AbstractUrlHandlerMapping.java:211 - Mapped URL path [/webjars/**] onto handler of type [class org.springframework.web.reactive.resource.ResourceWebHandler]
2019-03-21 19:26:14,908 [main] INFO  [o.s.web.reactive.handler.SimpleUrlHandlerMapping] AbstractUrlHandlerMapping.java:211 - Mapped URL path [/**] onto handler of type [class org.springframework.web.reactive.resource.ResourceWebHandler]
2019-03-21 19:26:16,472 [main] INFO  [o.s.c.gateway.route.RouteDefinitionRouteLocator] RouteDefinitionRouteLocator.java:102 - Loaded RoutePredicateFactory [After]
2019-03-21 19:26:16,472 [main] INFO  [o.s.c.gateway.route.RouteDefinitionRouteLocator] RouteDefinitionRouteLocator.java:102 - Loaded RoutePredicateFactory [Before]
2019-03-21 19:26:16,473 [main] INFO  [o.s.c.gateway.route.RouteDefinitionRouteLocator] RouteDefinitionRouteLocator.java:102 - Loaded RoutePredicateFactory [Between]
2019-03-21 19:26:16,473 [main] INFO  [o.s.c.gateway.route.RouteDefinitionRouteLocator] RouteDefinitionRouteLocator.java:102 - Loaded RoutePredicateFactory [Cookie]
2019-03-21 19:26:16,474 [main] INFO  [o.s.c.gateway.route.RouteDefinitionRouteLocator] RouteDefinitionRouteLocator.java:102 - Loaded RoutePredicateFactory [Header]
2019-03-21 19:26:16,474 [main] INFO  [o.s.c.gateway.route.RouteDefinitionRouteLocator] RouteDefinitionRouteLocator.java:102 - Loaded RoutePredicateFactory [Host]
2019-03-21 19:26:16,475 [main] INFO  [o.s.c.gateway.route.RouteDefinitionRouteLocator] RouteDefinitionRouteLocator.java:102 - Loaded RoutePredicateFactory [Method]
2019-03-21 19:26:16,475 [main] INFO  [o.s.c.gateway.route.RouteDefinitionRouteLocator] RouteDefinitionRouteLocator.java:102 - Loaded RoutePredicateFactory [Path]
2019-03-21 19:26:16,476 [main] INFO  [o.s.c.gateway.route.RouteDefinitionRouteLocator] RouteDefinitionRouteLocator.java:102 - Loaded RoutePredicateFactory [Query]
2019-03-21 19:26:16,476 [main] INFO  [o.s.c.gateway.route.RouteDefinitionRouteLocator] RouteDefinitionRouteLocator.java:102 - Loaded RoutePredicateFactory [ReadBodyPredicateFactory]
2019-03-21 19:26:16,477 [main] INFO  [o.s.c.gateway.route.RouteDefinitionRouteLocator] RouteDefinitionRouteLocator.java:102 - Loaded RoutePredicateFactory [RemoteAddr]
2019-03-21 19:26:16,477 [main] INFO  [o.s.c.gateway.route.RouteDefinitionRouteLocator] RouteDefinitionRouteLocator.java:102 - Loaded RoutePredicateFactory [Weight]
2019-03-21 19:26:16,478 [main] INFO  [o.s.c.gateway.route.RouteDefinitionRouteLocator] RouteDefinitionRouteLocator.java:102 - Loaded RoutePredicateFactory [CloudFoundryRouteService]
2019-03-21 19:26:17,506 [main] INFO  [o.s.b.actuate.endpoint.web.EndpointLinksResolver] EndpointLinksResolver.java:59 - Exposing 20 endpoint(s) beneath base path '/actuator'
2019-03-21 19:26:17,533 [main] INFO  [o.s.b.a.e.w.reactive.WebFluxEndpointHandlerMapping] AbstractHandlerMethodMapping.java:468 - Mapped "{[/actuator/archaius],methods=[GET],produces=[application/vnd.spring-boot.actuator.v2+json || application/json]}" onto public org.reactivestreams.Publisher<org.springframework.http.ResponseEntity<java.lang.Object>> org.springframework.boot.actuate.endpoint.web.reactive.AbstractWebFluxEndpointHandlerMapping$ReadOperationHandler.handle(org.springframework.web.server.ServerWebExchange)
2019-03-21 19:26:17,535 [main] INFO  [o.s.b.a.e.w.reactive.WebFluxEndpointHandlerMapping] AbstractHandlerMethodMapping.java:468 - Mapped "{[/actuator/auditevents],methods=[GET],produces=[application/vnd.spring-boot.actuator.v2+json || application/json]}" onto public org.reactivestreams.Publisher<org.springframework.http.ResponseEntity<java.lang.Object>> org.springframework.boot.actuate.endpoint.web.reactive.AbstractWebFluxEndpointHandlerMapping$ReadOperationHandler.handle(org.springframework.web.server.ServerWebExchange)
2019-03-21 19:26:17,537 [main] INFO  [o.s.b.a.e.w.reactive.WebFluxEndpointHandlerMapping] AbstractHandlerMethodMapping.java:468 - Mapped "{[/actuator/beans],methods=[GET],produces=[application/vnd.spring-boot.actuator.v2+json || application/json]}" onto public org.reactivestreams.Publisher<org.springframework.http.ResponseEntity<java.lang.Object>> org.springframework.boot.actuate.endpoint.web.reactive.AbstractWebFluxEndpointHandlerMapping$ReadOperationHandler.handle(org.springframework.web.server.ServerWebExchange)
2019-03-21 19:26:17,538 [main] INFO  [o.s.b.a.e.w.reactive.WebFluxEndpointHandlerMapping] AbstractHandlerMethodMapping.java:468 - Mapped "{[/actuator/health],methods=[GET],produces=[application/vnd.spring-boot.actuator.v2+json || application/json]}" onto public org.reactivestreams.Publisher<org.springframework.http.ResponseEntity<java.lang.Object>> org.springframework.boot.actuate.endpoint.web.reactive.AbstractWebFluxEndpointHandlerMapping$ReadOperationHandler.handle(org.springframework.web.server.ServerWebExchange)
2019-03-21 19:26:17,539 [main] INFO  [o.s.b.a.e.w.reactive.WebFluxEndpointHandlerMapping] AbstractHandlerMethodMapping.java:468 - Mapped "{[/actuator/conditions],methods=[GET],produces=[application/vnd.spring-boot.actuator.v2+json || application/json]}" onto public org.reactivestreams.Publisher<org.springframework.http.ResponseEntity<java.lang.Object>> org.springframework.boot.actuate.endpoint.web.reactive.AbstractWebFluxEndpointHandlerMapping$ReadOperationHandler.handle(org.springframework.web.server.ServerWebExchange)
2019-03-21 19:26:17,541 [main] INFO  [o.s.b.a.e.w.reactive.WebFluxEndpointHandlerMapping] AbstractHandlerMethodMapping.java:468 - Mapped "{[/actuator/configprops],methods=[GET],produces=[application/vnd.spring-boot.actuator.v2+json || application/json]}" onto public org.reactivestreams.Publisher<org.springframework.http.ResponseEntity<java.lang.Object>> org.springframework.boot.actuate.endpoint.web.reactive.AbstractWebFluxEndpointHandlerMapping$ReadOperationHandler.handle(org.springframework.web.server.ServerWebExchange)
2019-03-21 19:26:17,544 [main] INFO  [o.s.b.a.e.w.reactive.WebFluxEndpointHandlerMapping] AbstractHandlerMethodMapping.java:468 - Mapped "{[/actuator/env],methods=[GET],produces=[application/vnd.spring-boot.actuator.v2+json || application/json]}" onto public org.reactivestreams.Publisher<org.springframework.http.ResponseEntity<java.lang.Object>> org.springframework.boot.actuate.endpoint.web.reactive.AbstractWebFluxEndpointHandlerMapping$ReadOperationHandler.handle(org.springframework.web.server.ServerWebExchange)
2019-03-21 19:26:17,546 [main] INFO  [o.s.b.a.e.w.reactive.WebFluxEndpointHandlerMapping] AbstractHandlerMethodMapping.java:468 - Mapped "{[/actuator/env/{toMatch}],methods=[GET],produces=[application/vnd.spring-boot.actuator.v2+json || application/json]}" onto public org.reactivestreams.Publisher<org.springframework.http.ResponseEntity<java.lang.Object>> org.springframework.boot.actuate.endpoint.web.reactive.AbstractWebFluxEndpointHandlerMapping$ReadOperationHandler.handle(org.springframework.web.server.ServerWebExchange)
2019-03-21 19:26:17,548 [main] INFO  [o.s.b.a.e.w.reactive.WebFluxEndpointHandlerMapping] AbstractHandlerMethodMapping.java:468 - Mapped "{[/actuator/env],methods=[POST],consumes=[application/vnd.spring-boot.actuator.v2+json || application/json],produces=[application/vnd.spring-boot.actuator.v2+json || application/json]}" onto public org.reactivestreams.Publisher<org.springframework.http.ResponseEntity<java.lang.Object>> org.springframework.boot.actuate.endpoint.web.reactive.AbstractWebFluxEndpointHandlerMapping$WriteOperationHandler.handle(org.springframework.web.server.ServerWebExchange,java.util.Map<java.lang.String, java.lang.String>)
2019-03-21 19:26:17,551 [main] INFO  [o.s.b.a.e.w.reactive.WebFluxEndpointHandlerMapping] AbstractHandlerMethodMapping.java:468 - Mapped "{[/actuator/env],methods=[DELETE],produces=[application/vnd.spring-boot.actuator.v2+json || application/json]}" onto public org.reactivestreams.Publisher<org.springframework.http.ResponseEntity<java.lang.Object>> org.springframework.boot.actuate.endpoint.web.reactive.AbstractWebFluxEndpointHandlerMapping$ReadOperationHandler.handle(org.springframework.web.server.ServerWebExchange)
2019-03-21 19:26:17,552 [main] INFO  [o.s.b.a.e.w.reactive.WebFluxEndpointHandlerMapping] AbstractHandlerMethodMapping.java:468 - Mapped "{[/actuator/info],methods=[GET],produces=[application/vnd.spring-boot.actuator.v2+json || application/json]}" onto public org.reactivestreams.Publisher<org.springframework.http.ResponseEntity<java.lang.Object>> org.springframework.boot.actuate.endpoint.web.reactive.AbstractWebFluxEndpointHandlerMapping$ReadOperationHandler.handle(org.springframework.web.server.ServerWebExchange)
2019-03-21 19:26:17,554 [main] INFO  [o.s.b.a.e.w.reactive.WebFluxEndpointHandlerMapping] AbstractHandlerMethodMapping.java:468 - Mapped "{[/actuator/loggers],methods=[GET],produces=[application/vnd.spring-boot.actuator.v2+json || application/json]}" onto public org.reactivestreams.Publisher<org.springframework.http.ResponseEntity<java.lang.Object>> org.springframework.boot.actuate.endpoint.web.reactive.AbstractWebFluxEndpointHandlerMapping$ReadOperationHandler.handle(org.springframework.web.server.ServerWebExchange)
2019-03-21 19:26:17,555 [main] INFO  [o.s.b.a.e.w.reactive.WebFluxEndpointHandlerMapping] AbstractHandlerMethodMapping.java:468 - Mapped "{[/actuator/loggers/{name}],methods=[POST],consumes=[application/vnd.spring-boot.actuator.v2+json || application/json]}" onto public org.reactivestreams.Publisher<org.springframework.http.ResponseEntity<java.lang.Object>> org.springframework.boot.actuate.endpoint.web.reactive.AbstractWebFluxEndpointHandlerMapping$WriteOperationHandler.handle(org.springframework.web.server.ServerWebExchange,java.util.Map<java.lang.String, java.lang.String>)
2019-03-21 19:26:17,557 [main] INFO  [o.s.b.a.e.w.reactive.WebFluxEndpointHandlerMapping] AbstractHandlerMethodMapping.java:468 - Mapped "{[/actuator/loggers/{name}],methods=[GET],produces=[application/vnd.spring-boot.actuator.v2+json || application/json]}" onto public org.reactivestreams.Publisher<org.springframework.http.ResponseEntity<java.lang.Object>> org.springframework.boot.actuate.endpoint.web.reactive.AbstractWebFluxEndpointHandlerMapping$ReadOperationHandler.handle(org.springframework.web.server.ServerWebExchange)
2019-03-21 19:26:17,560 [main] INFO  [o.s.b.a.e.w.reactive.WebFluxEndpointHandlerMapping] AbstractHandlerMethodMapping.java:468 - Mapped "{[/actuator/heapdump],methods=[GET],produces=[application/octet-stream]}" onto public org.reactivestreams.Publisher<org.springframework.http.ResponseEntity<java.lang.Object>> org.springframework.boot.actuate.endpoint.web.reactive.AbstractWebFluxEndpointHandlerMapping$ReadOperationHandler.handle(org.springframework.web.server.ServerWebExchange)
2019-03-21 19:26:17,562 [main] INFO  [o.s.b.a.e.w.reactive.WebFluxEndpointHandlerMapping] AbstractHandlerMethodMapping.java:468 - Mapped "{[/actuator/threaddump],methods=[GET],produces=[application/vnd.spring-boot.actuator.v2+json || application/json]}" onto public org.reactivestreams.Publisher<org.springframework.http.ResponseEntity<java.lang.Object>> org.springframework.boot.actuate.endpoint.web.reactive.AbstractWebFluxEndpointHandlerMapping$ReadOperationHandler.handle(org.springframework.web.server.ServerWebExchange)
2019-03-21 19:26:17,563 [main] INFO  [o.s.b.a.e.w.reactive.WebFluxEndpointHandlerMapping] AbstractHandlerMethodMapping.java:468 - Mapped "{[/actuator/metrics/{requiredMetricName}],methods=[GET],produces=[application/vnd.spring-boot.actuator.v2+json || application/json]}" onto public org.reactivestreams.Publisher<org.springframework.http.ResponseEntity<java.lang.Object>> org.springframework.boot.actuate.endpoint.web.reactive.AbstractWebFluxEndpointHandlerMapping$ReadOperationHandler.handle(org.springframework.web.server.ServerWebExchange)
2019-03-21 19:26:17,564 [main] INFO  [o.s.b.a.e.w.reactive.WebFluxEndpointHandlerMapping] AbstractHandlerMethodMapping.java:468 - Mapped "{[/actuator/metrics],methods=[GET],produces=[application/vnd.spring-boot.actuator.v2+json || application/json]}" onto public org.reactivestreams.Publisher<org.springframework.http.ResponseEntity<java.lang.Object>> org.springframework.boot.actuate.endpoint.web.reactive.AbstractWebFluxEndpointHandlerMapping$ReadOperationHandler.handle(org.springframework.web.server.ServerWebExchange)
2019-03-21 19:26:17,566 [main] INFO  [o.s.b.a.e.w.reactive.WebFluxEndpointHandlerMapping] AbstractHandlerMethodMapping.java:468 - Mapped "{[/actuator/scheduledtasks],methods=[GET],produces=[application/vnd.spring-boot.actuator.v2+json || application/json]}" onto public org.reactivestreams.Publisher<org.springframework.http.ResponseEntity<java.lang.Object>> org.springframework.boot.actuate.endpoint.web.reactive.AbstractWebFluxEndpointHandlerMapping$ReadOperationHandler.handle(org.springframework.web.server.ServerWebExchange)
2019-03-21 19:26:17,569 [main] INFO  [o.s.b.a.e.w.reactive.WebFluxEndpointHandlerMapping] AbstractHandlerMethodMapping.java:468 - Mapped "{[/actuator/httptrace],methods=[GET],produces=[application/vnd.spring-boot.actuator.v2+json || application/json]}" onto public org.reactivestreams.Publisher<org.springframework.http.ResponseEntity<java.lang.Object>> org.springframework.boot.actuate.endpoint.web.reactive.AbstractWebFluxEndpointHandlerMapping$ReadOperationHandler.handle(org.springframework.web.server.ServerWebExchange)
2019-03-21 19:26:17,570 [main] INFO  [o.s.b.a.e.w.reactive.WebFluxEndpointHandlerMapping] AbstractHandlerMethodMapping.java:468 - Mapped "{[/actuator/mappings],methods=[GET],produces=[application/vnd.spring-boot.actuator.v2+json || application/json]}" onto public org.reactivestreams.Publisher<org.springframework.http.ResponseEntity<java.lang.Object>> org.springframework.boot.actuate.endpoint.web.reactive.AbstractWebFluxEndpointHandlerMapping$ReadOperationHandler.handle(org.springframework.web.server.ServerWebExchange)
2019-03-21 19:26:17,572 [main] INFO  [o.s.b.a.e.w.reactive.WebFluxEndpointHandlerMapping] AbstractHandlerMethodMapping.java:468 - Mapped "{[/actuator/refresh],methods=[POST],produces=[application/vnd.spring-boot.actuator.v2+json || application/json]}" onto public org.reactivestreams.Publisher<org.springframework.http.ResponseEntity<java.lang.Object>> org.springframework.boot.actuate.endpoint.web.reactive.AbstractWebFluxEndpointHandlerMapping$WriteOperationHandler.handle(org.springframework.web.server.ServerWebExchange,java.util.Map<java.lang.String, java.lang.String>)
2019-03-21 19:26:17,573 [main] INFO  [o.s.b.a.e.w.reactive.WebFluxEndpointHandlerMapping] AbstractHandlerMethodMapping.java:468 - Mapped "{[/actuator/features],methods=[GET],produces=[application/vnd.spring-boot.actuator.v2+json || application/json]}" onto public org.reactivestreams.Publisher<org.springframework.http.ResponseEntity<java.lang.Object>> org.springframework.boot.actuate.endpoint.web.reactive.AbstractWebFluxEndpointHandlerMapping$ReadOperationHandler.handle(org.springframework.web.server.ServerWebExchange)
2019-03-21 19:26:17,576 [main] INFO  [o.s.b.a.e.w.reactive.WebFluxEndpointHandlerMapping] AbstractHandlerMethodMapping.java:468 - Mapped "{[/actuator/service-registry],methods=[GET],produces=[application/vnd.spring-boot.actuator.v2+json || application/json]}" onto public org.reactivestreams.Publisher<org.springframework.http.ResponseEntity<java.lang.Object>> org.springframework.boot.actuate.endpoint.web.reactive.AbstractWebFluxEndpointHandlerMapping$ReadOperationHandler.handle(org.springframework.web.server.ServerWebExchange)
2019-03-21 19:26:17,578 [main] INFO  [o.s.b.a.e.w.reactive.WebFluxEndpointHandlerMapping] AbstractHandlerMethodMapping.java:468 - Mapped "{[/actuator/service-registry],methods=[POST],consumes=[application/vnd.spring-boot.actuator.v2+json || application/json],produces=[application/vnd.spring-boot.actuator.v2+json || application/json]}" onto public org.reactivestreams.Publisher<org.springframework.http.ResponseEntity<java.lang.Object>> org.springframework.boot.actuate.endpoint.web.reactive.AbstractWebFluxEndpointHandlerMapping$WriteOperationHandler.handle(org.springframework.web.server.ServerWebExchange,java.util.Map<java.lang.String, java.lang.String>)
2019-03-21 19:26:17,579 [main] INFO  [o.s.b.a.e.w.reactive.WebFluxEndpointHandlerMapping] AbstractHandlerMethodMapping.java:468 - Mapped "{[/actuator],methods=[GET],produces=[application/vnd.spring-boot.actuator.v2+json || application/json]}" onto protected java.util.Map<java.lang.String, java.util.Map<java.lang.String, org.springframework.boot.actuate.endpoint.web.Link>> org.springframework.boot.actuate.endpoint.web.reactive.WebFluxEndpointHandlerMapping.links(org.springframework.web.server.ServerWebExchange)
2019-03-21 19:26:17,603 [main] INFO  [o.s.b.a.e.w.r.ControllerEndpointHandlerMapping] AbstractHandlerMethodMapping.java:468 - Mapped "{[/actuator/gateway/routes/{id}],methods=[DELETE]}" onto public reactor.core.publisher.Mono<org.springframework.http.ResponseEntity<java.lang.Object>> org.springframework.cloud.gateway.actuate.GatewayControllerEndpoint.delete(java.lang.String)
2019-03-21 19:26:17,605 [main] INFO  [o.s.b.a.e.w.r.ControllerEndpointHandlerMapping] AbstractHandlerMethodMapping.java:468 - Mapped "{[/actuator/gateway/routes/{id}],methods=[POST]}" onto public reactor.core.publisher.Mono<org.springframework.http.ResponseEntity<java.lang.Void>> org.springframework.cloud.gateway.actuate.GatewayControllerEndpoint.save(java.lang.String,reactor.core.publisher.Mono<org.springframework.cloud.gateway.route.RouteDefinition>)
2019-03-21 19:26:17,605 [main] INFO  [o.s.b.a.e.w.r.ControllerEndpointHandlerMapping] AbstractHandlerMethodMapping.java:468 - Mapped "{[/actuator/gateway/refresh],methods=[POST]}" onto public reactor.core.publisher.Mono<java.lang.Void> org.springframework.cloud.gateway.actuate.GatewayControllerEndpoint.refresh()
2019-03-21 19:26:17,606 [main] INFO  [o.s.b.a.e.w.r.ControllerEndpointHandlerMapping] AbstractHandlerMethodMapping.java:468 - Mapped "{[/actuator/gateway/routes],methods=[GET]}" onto public reactor.core.publisher.Mono<java.util.List<java.util.Map<java.lang.String, java.lang.Object>>> org.springframework.cloud.gateway.actuate.GatewayControllerEndpoint.routes()
2019-03-21 19:26:17,606 [main] INFO  [o.s.b.a.e.w.r.ControllerEndpointHandlerMapping] AbstractHandlerMethodMapping.java:468 - Mapped "{[/actuator/gateway/routes/{id}],methods=[GET]}" onto public reactor.core.publisher.Mono<org.springframework.http.ResponseEntity<org.springframework.cloud.gateway.route.RouteDefinition>> org.springframework.cloud.gateway.actuate.GatewayControllerEndpoint.route(java.lang.String)
2019-03-21 19:26:17,607 [main] INFO  [o.s.b.a.e.w.r.ControllerEndpointHandlerMapping] AbstractHandlerMethodMapping.java:468 - Mapped "{[/actuator/gateway/globalfilters],methods=[GET]}" onto public reactor.core.publisher.Mono<java.util.HashMap<java.lang.String, java.lang.Object>> org.springframework.cloud.gateway.actuate.GatewayControllerEndpoint.globalfilters()
2019-03-21 19:26:17,608 [main] INFO  [o.s.b.a.e.w.r.ControllerEndpointHandlerMapping] AbstractHandlerMethodMapping.java:468 - Mapped "{[/actuator/gateway/routefilters],methods=[GET]}" onto public reactor.core.publisher.Mono<java.util.HashMap<java.lang.String, java.lang.Object>> org.springframework.cloud.gateway.actuate.GatewayControllerEndpoint.routefilers()
2019-03-21 19:26:17,608 [main] INFO  [o.s.b.a.e.w.r.ControllerEndpointHandlerMapping] AbstractHandlerMethodMapping.java:468 - Mapped "{[/actuator/gateway/routes/{id}/combinedfilters],methods=[GET]}" onto public reactor.core.publisher.Mono<java.util.HashMap<java.lang.String, java.lang.Object>> org.springframework.cloud.gateway.actuate.GatewayControllerEndpoint.combinedfilters(java.lang.String)
2019-03-21 19:26:17,610 [main] INFO  [o.s.b.a.e.w.r.ControllerEndpointHandlerMapping] AbstractHandlerMethodMapping.java:468 - Mapped "{[/actuator/hystrix.stream],methods=[GET],produces=[text/event-stream]}" onto public reactor.core.publisher.Flux<java.lang.String> org.springframework.cloud.netflix.hystrix.HystrixWebfluxEndpoint.hystrixStream()
2019-03-21 19:26:17,693 [main] INFO  [o.s.w.r.r.m.annotation.ControllerMethodResolver] ControllerMethodResolver.java:221 - Looking for @ControllerAdvice: org.springframework.boot.web.reactive.context.AnnotationConfigReactiveWebServerApplicationContext@14fc5d40: startup date [Thu Mar 21 19:26:11 CST 2019]; parent: org.springframework.context.annotation.AnnotationConfigApplicationContext@115667d
2019-03-21 19:26:17,713 [main] INFO  [o.s.w.r.r.m.annotation.ControllerMethodResolver] ControllerMethodResolver.java:248 - Detected @ExceptionHandler methods in com.pingan.angel.common.core.exception.GlobalExceptionHandler
2019-03-21 19:26:19,192 [main] INFO  [o.s.jmx.export.annotation.AnnotationMBeanExporter] MBeanExporter.java:433 - Registering beans for JMX exposure on startup
2019-03-21 19:26:19,202 [main] INFO  [o.s.jmx.export.annotation.AnnotationMBeanExporter] MBeanExporter.java:895 - Bean with name 'refreshScope' has been autodetected for JMX exposure
2019-03-21 19:26:19,205 [main] INFO  [o.s.jmx.export.annotation.AnnotationMBeanExporter] MBeanExporter.java:895 - Bean with name 'environmentManager' has been autodetected for JMX exposure
2019-03-21 19:26:19,208 [main] INFO  [o.s.jmx.export.annotation.AnnotationMBeanExporter] MBeanExporter.java:895 - Bean with name 'configurationPropertiesRebinder' has been autodetected for JMX exposure
2019-03-21 19:26:19,213 [main] INFO  [o.s.jmx.export.annotation.AnnotationMBeanExporter] MBeanExporter.java:675 - Located managed bean 'environmentManager': registering with JMX server as MBean [org.springframework.cloud.context.environment:name=environmentManager,type=EnvironmentManager]
2019-03-21 19:26:19,223 [main] INFO  [o.s.jmx.export.annotation.AnnotationMBeanExporter] MBeanExporter.java:675 - Located managed bean 'refreshScope': registering with JMX server as MBean [org.springframework.cloud.context.scope.refresh:name=refreshScope,type=RefreshScope]
2019-03-21 19:26:19,237 [main] INFO  [o.s.jmx.export.annotation.AnnotationMBeanExporter] MBeanExporter.java:675 - Located managed bean 'configurationPropertiesRebinder': registering with JMX server as MBean [org.springframework.cloud.context.properties:name=configurationPropertiesRebinder,context=14fc5d40,type=ConfigurationPropertiesRebinder]
2019-03-21 19:26:19,249 [main] INFO  [o.s.context.support.DefaultLifecycleProcessor] DefaultLifecycleProcessor.java:356 - Starting beans in phase 0
2019-03-21 19:26:19,272 [main] INFO  [o.s.cloud.netflix.eureka.InstanceInfoFactory] InstanceInfoFactory.java:71 - Setting initial instance status as: STARTING
2019-03-21 19:26:19,336 [main] INFO  [com.netflix.discovery.DiscoveryClient] DiscoveryClient.java:349 - Initializing Eureka in region us-east-1
2019-03-21 19:26:19,658 [main] INFO  [c.n.discovery.provider.DiscoveryJerseyProvider] DiscoveryJerseyProvider.java:70 - Using JSON encoding codec LegacyJacksonJson
2019-03-21 19:26:19,658 [main] INFO  [c.n.discovery.provider.DiscoveryJerseyProvider] DiscoveryJerseyProvider.java:71 - Using JSON decoding codec LegacyJacksonJson
2019-03-21 19:26:19,824 [main] INFO  [c.n.discovery.provider.DiscoveryJerseyProvider] DiscoveryJerseyProvider.java:80 - Using XML encoding codec XStreamXml
2019-03-21 19:26:19,824 [main] INFO  [c.n.discovery.provider.DiscoveryJerseyProvider] DiscoveryJerseyProvider.java:81 - Using XML decoding codec XStreamXml
2019-03-21 19:26:20,113 [main] INFO  [c.n.d.shared.resolver.aws.ConfigClusterResolver] ConfigClusterResolver.java:43 - Resolving eureka endpoints via configuration
2019-03-21 19:26:20,142 [main] INFO  [com.netflix.discovery.DiscoveryClient] DiscoveryClient.java:958 - Disable delta property : false
2019-03-21 19:26:20,143 [main] INFO  [com.netflix.discovery.DiscoveryClient] DiscoveryClient.java:959 - Single vip registry refresh property : null
2019-03-21 19:26:20,143 [main] INFO  [com.netflix.discovery.DiscoveryClient] DiscoveryClient.java:960 - Force full registry fetch : false
2019-03-21 19:26:20,143 [main] INFO  [com.netflix.discovery.DiscoveryClient] DiscoveryClient.java:961 - Application is null : false
2019-03-21 19:26:20,144 [main] INFO  [com.netflix.discovery.DiscoveryClient] DiscoveryClient.java:962 - Registered Applications size is zero : true
2019-03-21 19:26:20,144 [main] INFO  [com.netflix.discovery.DiscoveryClient] DiscoveryClient.java:964 - Application version is -1: true
2019-03-21 19:26:20,144 [main] INFO  [com.netflix.discovery.DiscoveryClient] DiscoveryClient.java:1047 - Getting all instance registry info from the eureka server
2019-03-21 19:26:20,383 [main] INFO  [com.netflix.discovery.DiscoveryClient] DiscoveryClient.java:1056 - The response status is 200
2019-03-21 19:26:20,385 [main] INFO  [com.netflix.discovery.DiscoveryClient] DiscoveryClient.java:1264 - Starting heartbeat executor: renew interval is: 30
2019-03-21 19:26:20,389 [main] INFO  [com.netflix.discovery.InstanceInfoReplicator] InstanceInfoReplicator.java:60 - InstanceInfoReplicator onDemand update allowed rate per min is 4
2019-03-21 19:26:20,397 [main] INFO  [com.netflix.discovery.DiscoveryClient] DiscoveryClient.java:449 - Discovery Client initialized at timestamp 1553167580394 with initial instances count: 0
2019-03-21 19:26:20,407 [main] INFO  [o.s.c.n.e.serviceregistry.EurekaServiceRegistry] EurekaServiceRegistry.java:42 - Registering application angel-gateway with eureka with status UP
2019-03-21 19:26:20,408 [main] INFO  [com.netflix.discovery.DiscoveryClient] DiscoveryClient.java:1299 - Saw local status change event StatusChangeEvent [timestamp=1553167580408, current=UP, previous=STARTING]
2019-03-21 19:26:20,417 [DiscoveryClient-InstanceInfoReplicator-0] INFO  [com.netflix.discovery.DiscoveryClient] DiscoveryClient.java:826 - DiscoveryClient_ANGEL-GATEWAY/192.168.191.186:angel-gateway:8125: registering service...
2019-03-21 19:26:20,499 [DiscoveryClient-InstanceInfoReplicator-0] INFO  [com.netflix.discovery.DiscoveryClient] DiscoveryClient.java:835 - DiscoveryClient_ANGEL-GATEWAY/192.168.191.186:angel-gateway:8125 - registration status: 204
2019-03-21 19:26:20,594 [reactor-http-nio-1] INFO  [reactor.ipc.netty.tcp.BlockingNettyContext] Loggers.java:238 - Started HttpServer on /0:0:0:0:0:0:0:0:8125
2019-03-21 19:26:20,595 [main] INFO  [o.s.boot.web.embedded.netty.NettyWebServer] NettyWebServer.java:83 - Netty started on port(s): 8125
2019-03-21 19:26:20,599 [main] INFO  [o.s.c.n.e.s.EurekaAutoServiceRegistration] EurekaAutoServiceRegistration.java:124 - Updating port to 8125
2019-03-21 19:26:20,604 [main] INFO  [com.pingan.angel.gateway.AngelGatewayApplication] StartupInfoLogger.java:59 - Started AngelGatewayApplication in 12.258 seconds (JVM running for 13.111)
2019-03-21 19:26:50,387 [DiscoveryClient-CacheRefreshExecutor-0] INFO  [com.netflix.discovery.DiscoveryClient] DiscoveryClient.java:958 - Disable delta property : false
2019-03-21 19:26:50,388 [DiscoveryClient-CacheRefreshExecutor-0] INFO  [com.netflix.discovery.DiscoveryClient] DiscoveryClient.java:959 - Single vip registry refresh property : null
2019-03-21 19:26:50,388 [DiscoveryClient-CacheRefreshExecutor-0] INFO  [com.netflix.discovery.DiscoveryClient] DiscoveryClient.java:960 - Force full registry fetch : false
2019-03-21 19:26:50,389 [DiscoveryClient-CacheRefreshExecutor-0] INFO  [com.netflix.discovery.DiscoveryClient] DiscoveryClient.java:961 - Application is null : false
2019-03-21 19:26:50,389 [DiscoveryClient-CacheRefreshExecutor-0] INFO  [com.netflix.discovery.DiscoveryClient] DiscoveryClient.java:962 - Registered Applications size is zero : true
2019-03-21 19:26:50,389 [DiscoveryClient-CacheRefreshExecutor-0] INFO  [com.netflix.discovery.DiscoveryClient] DiscoveryClient.java:964 - Application version is -1: false
2019-03-21 19:26:50,389 [DiscoveryClient-CacheRefreshExecutor-0] INFO  [com.netflix.discovery.DiscoveryClient] DiscoveryClient.java:1047 - Getting all instance registry info from the eureka server
2019-03-21 19:26:50,431 [DiscoveryClient-CacheRefreshExecutor-0] INFO  [com.netflix.discovery.DiscoveryClient] DiscoveryClient.java:1056 - The response status is 200
2019-03-21 19:28:51,289 [reactor-http-nio-2] INFO  [o.s.c.a.AnnotationConfigApplicationContext] AbstractApplicationContext.java:588 - Refreshing SpringClientFactory-angel-auth: startup date [Thu Mar 21 19:28:51 CST 2019]; parent: org.springframework.boot.web.reactive.context.AnnotationConfigReactiveWebServerApplicationContext@14fc5d40
2019-03-21 19:28:51,423 [reactor-http-nio-2] INFO  [o.s.b.f.a.AutowiredAnnotationBeanPostProcessor] AutowiredAnnotationBeanPostProcessor.java:153 - JSR-330 'javax.inject.Inject' annotation found and supported for autowiring
2019-03-21 19:28:51,907 [reactor-http-nio-2] INFO  [com.netflix.config.ChainedDynamicProperty] ChainedDynamicProperty.java:115 - Flipping property: angel-auth.ribbon.ActiveConnectionsLimit to use NEXT property: niws.loadbalancer.availabilityFilteringRule.activeConnectionsLimit = 2147483647
2019-03-21 19:28:51,943 [reactor-http-nio-2] INFO  [com.netflix.util.concurrent.ShutdownEnabledTimer] ShutdownEnabledTimer.java:58 - Shutdown hook installed for: NFLoadBalancer-PingTimer-angel-auth
2019-03-21 19:28:52,016 [reactor-http-nio-2] INFO  [com.netflix.loadbalancer.BaseLoadBalancer] BaseLoadBalancer.java:192 - Client: angel-auth instantiated a LoadBalancer: DynamicServerListLoadBalancer:{NFLoadBalancer:name=angel-auth,current list of Servers=[],Load balancer stats=Zone stats: {},Server stats: []}ServerList:null
2019-03-21 19:28:52,035 [reactor-http-nio-2] INFO  [c.n.loadbalancer.DynamicServerListLoadBalancer] DynamicServerListLoadBalancer.java:222 - Using serverListUpdater PollingServerListUpdater
2019-03-21 19:28:52,093 [reactor-http-nio-2] INFO  [com.netflix.config.ChainedDynamicProperty] ChainedDynamicProperty.java:115 - Flipping property: angel-auth.ribbon.ActiveConnectionsLimit to use NEXT property: niws.loadbalancer.availabilityFilteringRule.activeConnectionsLimit = 2147483647
2019-03-21 19:28:52,097 [reactor-http-nio-2] INFO  [c.n.loadbalancer.DynamicServerListLoadBalancer] DynamicServerListLoadBalancer.java:150 - DynamicServerListLoadBalancer for client angel-auth initialized: DynamicServerListLoadBalancer:{NFLoadBalancer:name=angel-auth,current list of Servers=[192.168.191.186:8126],Load balancer stats=Zone stats: {defaultzone=[Zone:defaultzone;	Instance count:1;	Active connections count: 0;	Circuit breaker tripped count: 0;	Active connections per server: 0.0;]
},Server stats: [[Server:192.168.191.186:8126;	Zone:defaultZone;	Total Requests:0;	Successive connection failure:0;	Total blackout seconds:0;	Last connection made:Thu Jan 01 08:00:00 CST 1970;	First connection made: Thu Jan 01 08:00:00 CST 1970;	Active Connections:0;	total failure count in last (1000) msecs:0;	average resp time:0.0;	90 percentile resp time:0.0;	95 percentile resp time:0.0;	min resp time:0.0;	max resp time:0.0;	stddev resp time:0.0]
]}ServerList:org.springframework.cloud.netflix.ribbon.eureka.DomainExtractingServerList@79e6a305
2019-03-21 19:28:53,045 [PollingServerListUpdater-0] INFO  [com.netflix.config.ChainedDynamicProperty] ChainedDynamicProperty.java:115 - Flipping property: angel-auth.ribbon.ActiveConnectionsLimit to use NEXT property: niws.loadbalancer.availabilityFilteringRule.activeConnectionsLimit = 2147483647
2019-03-21 19:31:20,163 [AsyncResolver-bootstrap-executor-0] INFO  [c.n.d.shared.resolver.aws.ConfigClusterResolver] ConfigClusterResolver.java:43 - Resolving eureka endpoints via configuration
2019-03-21 19:36:20,175 [AsyncResolver-bootstrap-executor-0] INFO  [c.n.d.shared.resolver.aws.ConfigClusterResolver] ConfigClusterResolver.java:43 - Resolving eureka endpoints via configuration
2019-03-21 19:41:20,183 [AsyncResolver-bootstrap-executor-0] INFO  [c.n.d.shared.resolver.aws.ConfigClusterResolver] ConfigClusterResolver.java:43 - Resolving eureka endpoints via configuration
2019-03-21 19:46:20,208 [AsyncResolver-bootstrap-executor-0] INFO  [c.n.d.shared.resolver.aws.ConfigClusterResolver] ConfigClusterResolver.java:43 - Resolving eureka endpoints via configuration
2019-03-21 19:51:20,221 [AsyncResolver-bootstrap-executor-0] INFO  [c.n.d.shared.resolver.aws.ConfigClusterResolver] ConfigClusterResolver.java:43 - Resolving eureka endpoints via configuration
2019-03-21 19:56:20,241 [AsyncResolver-bootstrap-executor-0] INFO  [c.n.d.shared.resolver.aws.ConfigClusterResolver] ConfigClusterResolver.java:43 - Resolving eureka endpoints via configuration
2019-03-21 20:01:20,257 [AsyncResolver-bootstrap-executor-0] INFO  [c.n.d.shared.resolver.aws.ConfigClusterResolver] ConfigClusterResolver.java:43 - Resolving eureka endpoints via configuration
2019-03-21 20:06:20,262 [AsyncResolver-bootstrap-executor-0] INFO  [c.n.d.shared.resolver.aws.ConfigClusterResolver] ConfigClusterResolver.java:43 - Resolving eureka endpoints via configuration
2019-03-21 20:11:20,287 [AsyncResolver-bootstrap-executor-0] INFO  [c.n.d.shared.resolver.aws.ConfigClusterResolver] ConfigClusterResolver.java:43 - Resolving eureka endpoints via configuration
2019-03-21 20:16:20,295 [AsyncResolver-bootstrap-executor-0] INFO  [c.n.d.shared.resolver.aws.ConfigClusterResolver] ConfigClusterResolver.java:43 - Resolving eureka endpoints via configuration
